This file contains any messages produced by compilers while
running configure, to aid debugging if configure makes a mistake.

It was created by fftw configure 3.3.7, which was
generated by GNU Autoconf 2.69.  Invocation command line was

  $ ../configure 

## --------- ##
## Platform. ##
## --------- ##

hostname = zhikuis-MacBook-Pro.local
uname -m = x86_64
uname -r = 17.5.0
uname -s = Darwin
uname -v = Darwin Kernel Version 17.5.0: Mon Mar  5 22:24:32 PST 2018; root:xnu-4570.51.1~1/RELEASE_X86_64

/usr/bin/uname -p = i386
/bin/uname -X     = unknown

/bin/arch              = unknown
/usr/bin/arch -k       = unknown
/usr/convex/getsysinfo = unknown
/usr/bin/hostinfo      = Mach kernel version:
	 Darwin Kernel Version 17.5.0: Mon Mar  5 22:24:32 PST 2018; root:xnu-4570.51.1~1/RELEASE_X86_64
Kernel configured for up to 8 processors.
4 processors are physically available.
8 processors are logically available.
Processor type: x86_64h (Intel x86-64h Haswell)
Processors active: 0 1 2 3 4 5 6 7
Primary memory available: 16.00 gigabytes
Default processor set: 397 tasks, 1703 threads, 8 processors
Load average: 2.55, Mach factor: 5.43
/bin/machine           = unknown
/usr/bin/oslevel       = unknown
/bin/universe          = unknown

PATH: /Users/zguo/OpenFOAM/zguo-5.0/platforms/darwin64ClangDPInt32Opt/bin
PATH: /Users/zguo/OpenFOAM/site/5.0/platforms/darwin64ClangDPInt32Opt/bin
PATH: /Users/zguo/OpenFOAM/OpenFOAM-5.0/platforms/darwin64ClangDPInt32Opt/bin
PATH: /Users/zguo/OpenFOAM/OpenFOAM-5.0/bin
PATH: /Users/zguo/OpenFOAM/OpenFOAM-5.0/wmake
PATH: /Users/zguo/.pyenv/shims
PATH: /Users/zguo/.pyenv/bin
PATH: /Applications/ParaView-5.4.1.app/Contents/bin
PATH: /Applications/ParaView-5.4.1.app/Contents/MacOS
PATH: /Applications/deal.II-8.5-brew.app/Contents/Resources/brew/bin
PATH: /Applications/deal.II-8.5-brew.app/Contents/Resources/bin
PATH: /MyData/Research/0-Phd/bin
PATH: /MyData/Research/0-Phd/bin/python
PATH: /Users/zguo/anaconda3/bin
PATH: /usr/local/bin
PATH: /usr/bin
PATH: /bin
PATH: /usr/sbin
PATH: /sbin
PATH: /Library/TeX/texbin
PATH: /opt/X11/bin
PATH: /Users/zguo/.pyenv/bin
PATH: /Users/zguo/anaconda3/bin


## ----------- ##
## Core tests. ##
## ----------- ##

configure:2873: checking for a BSD-compatible install
configure:2941: result: /usr/bin/install -c
configure:2952: checking whether build environment is sane
configure:3007: result: yes
configure:3158: checking for a thread-safe mkdir -p
configure:3197: result: ../install-sh -c -d
configure:3204: checking for gawk
configure:3234: result: no
configure:3204: checking for mawk
configure:3234: result: no
configure:3204: checking for nawk
configure:3234: result: no
configure:3204: checking for awk
configure:3220: found /usr/local/bin/awk
configure:3231: result: awk
configure:3242: checking whether make sets $(MAKE)
configure:3264: result: yes
configure:3293: checking whether make supports nested variables
configure:3310: result: yes
configure:3440: checking whether to enable maintainer-specific portions of Makefiles
configure:3449: result: no
configure:3497: checking build system type
configure:3511: result: x86_64-apple-darwin17.5.0
configure:3531: checking host system type
configure:3544: result: x86_64-apple-darwin17.5.0
configure:4167: checking for gcc
configure:4183: found /usr/bin/gcc
configure:4194: result: gcc
configure:4423: checking for C compiler version
configure:4432: gcc --version >&5
Apple LLVM version 9.0.0 (clang-900.0.39.2)
Target: x86_64-apple-darwin17.5.0
Thread model: posix
InstalledDir: /Applications/Xcode9.app/Contents/Developer/Toolchains/XcodeDefault.xctoolchain/usr/bin
Configured with: --prefix=/Applications/Xcode9.app/Contents/Developer/usr --with-gxx-include-dir=/usr/include/c++/4.2.1
configure:4443: $? = 0
configure:4432: gcc -v >&5
Configured with: --prefix=/Applications/Xcode9.app/Contents/Developer/usr --with-gxx-include-dir=/usr/include/c++/4.2.1
Apple LLVM version 9.0.0 (clang-900.0.39.2)
Target: x86_64-apple-darwin17.5.0
Thread model: posix
InstalledDir: /Applications/Xcode9.app/Contents/Developer/Toolchains/XcodeDefault.xctoolchain/usr/bin
configure:4443: $? = 0
configure:4432: gcc -V >&5
clang: error: argument to '-V' is missing (expected 1 value)
clang: error: no input files
configure:4443: $? = 1
configure:4432: gcc -qversion >&5
clang: error: unknown argument: '-qversion'
clang: error: no input files
configure:4443: $? = 1
configure:4463: checking whether the C compiler works
configure:4485: gcc    conftest.c  >&5
configure:4489: $? = 0
configure:4537: result: yes
configure:4540: checking for C compiler default output file name
configure:4542: result: a.out
configure:4548: checking for suffix of executables
configure:4555: gcc -o conftest    conftest.c  >&5
configure:4559: $? = 0
configure:4581: result: 
configure:4603: checking whether we are cross compiling
configure:4611: gcc -o conftest    conftest.c  >&5
configure:4615: $? = 0
configure:4622: ./conftest
configure:4626: $? = 0
configure:4641: result: no
configure:4646: checking for suffix of object files
configure:4668: gcc -c   conftest.c >&5
configure:4672: $? = 0
configure:4693: result: o
configure:4697: checking whether we are using the GNU C compiler
configure:4716: gcc -c   conftest.c >&5
configure:4716: $? = 0
configure:4725: result: yes
configure:4734: checking whether gcc accepts -g
configure:4754: gcc -c -g  conftest.c >&5
configure:4754: $? = 0
configure:4795: result: yes
configure:4812: checking for gcc option to accept ISO C89
configure:4875: gcc  -c -g -O2  conftest.c >&5
configure:4875: $? = 0
configure:4888: result: none needed
configure:4913: checking whether gcc understands -c and -o together
configure:4935: gcc -c conftest.c -o conftest2.o
configure:4938: $? = 0
configure:4935: gcc -c conftest.c -o conftest2.o
configure:4938: $? = 0
configure:4950: result: yes
configure:4978: checking for style of include used by make
configure:5006: result: GNU
configure:5032: checking dependency style of gcc
configure:5143: result: gcc3
configure:5161: checking for C compiler vendor
configure:5185: gcc -c -g -O2  conftest.c >&5
conftest.c:18:7: error: use of undeclared identifier 'thisisanerror'
      thisisanerror;
      ^
1 error generated.
configure:5185: $? = 1
configure: failed program was:
| /* confdefs.h */
| #define PACKAGE_NAME "fftw"
| #define PACKAGE_TARNAME "fftw"
| #define PACKAGE_VERSION "3.3.7"
| #define PACKAGE_STRING "fftw 3.3.7"
| #define PACKAGE_BUGREPORT "fftw@fftw.org"
| #define PACKAGE_URL ""
| #define PACKAGE "fftw"
| #define VERSION "3.3.7"
| #define FFTW_ENABLE_ALLOCA 1
| /* end confdefs.h.  */
| 
| int
| main ()
| {
| 
| #if !(defined(__ICC) || defined(__ECC) || defined(__INTEL_COMPILER))
|       thisisanerror;
| #endif
| 
|   ;
|   return 0;
| }
configure:5185: gcc -c -g -O2  conftest.c >&5
conftest.c:18:7: error: use of undeclared identifier 'thisisanerror'
      thisisanerror;
      ^
1 error generated.
configure:5185: $? = 1
configure: failed program was:
| /* confdefs.h */
| #define PACKAGE_NAME "fftw"
| #define PACKAGE_TARNAME "fftw"
| #define PACKAGE_VERSION "3.3.7"
| #define PACKAGE_STRING "fftw 3.3.7"
| #define PACKAGE_BUGREPORT "fftw@fftw.org"
| #define PACKAGE_URL ""
| #define PACKAGE "fftw"
| #define VERSION "3.3.7"
| #define FFTW_ENABLE_ALLOCA 1
| /* end confdefs.h.  */
| 
| int
| main ()
| {
| 
| #if !(defined(__ibmxl__) || defined(__xlc__) || defined(__xlC__) || defined(__IBMC__) || defined(__IBMCPP__))
|       thisisanerror;
| #endif
| 
|   ;
|   return 0;
| }
configure:5185: gcc -c -g -O2  conftest.c >&5
conftest.c:18:7: error: use of undeclared identifier 'thisisanerror'
      thisisanerror;
      ^
1 error generated.
configure:5185: $? = 1
configure: failed program was:
| /* confdefs.h */
| #define PACKAGE_NAME "fftw"
| #define PACKAGE_TARNAME "fftw"
| #define PACKAGE_VERSION "3.3.7"
| #define PACKAGE_STRING "fftw 3.3.7"
| #define PACKAGE_BUGREPORT "fftw@fftw.org"
| #define PACKAGE_URL ""
| #define PACKAGE "fftw"
| #define VERSION "3.3.7"
| #define FFTW_ENABLE_ALLOCA 1
| /* end confdefs.h.  */
| 
| int
| main ()
| {
| 
| #if !(defined(__PATHCC__) || defined(__PATHSCALE__))
|       thisisanerror;
| #endif
| 
|   ;
|   return 0;
| }
configure:5185: gcc -c -g -O2  conftest.c >&5
configure:5185: $? = 0
configure:5192: result: clang
configure:5199: checking for gcc option to accept ISO C99
configure:5348: gcc  -c -g -O2  conftest.c >&5
configure:5348: $? = 0
configure:5361: result: none needed
configure:5469: checking for gcc option to accept ISO Standard C
configure:5480: result: none needed
configure:5488: checking whether ln -s works
configure:5492: result: yes
configure:5499: checking whether make sets $(MAKE)
configure:5521: result: yes
configure:5879: checking how to print strings
configure:5906: result: printf
configure:5927: checking for a sed that does not truncate output
configure:5991: result: /usr/bin/sed
configure:6009: checking for grep that handles long lines and -e
configure:6067: result: /usr/bin/grep
configure:6072: checking for egrep
configure:6134: result: /usr/bin/grep -E
configure:6139: checking for fgrep
configure:6201: result: /usr/bin/grep -F
configure:6236: checking for ld used by gcc
configure:6303: result: /Applications/Xcode9.app/Contents/Developer/Toolchains/XcodeDefault.xctoolchain/usr/bin/ld
configure:6310: checking if the linker (/Applications/Xcode9.app/Contents/Developer/Toolchains/XcodeDefault.xctoolchain/usr/bin/ld) is GNU ld
configure:6325: result: no
configure:6337: checking for BSD- or MS-compatible name lister (nm)
configure:6391: result: /usr/bin/nm -B
configure:6521: checking the name lister (/usr/bin/nm -B) interface
configure:6528: gcc -c -g -O2  conftest.c >&5
configure:6531: /usr/bin/nm -B "conftest.o"
configure:6534: output
00000000000001e8 S _some_variable
configure:6541: result: BSD nm
configure:6545: checking the maximum length of command line arguments
configure:6676: result: 196608
configure:6724: checking how to convert x86_64-apple-darwin17.5.0 file names to x86_64-apple-darwin17.5.0 format
configure:6764: result: func_convert_file_noop
configure:6771: checking how to convert x86_64-apple-darwin17.5.0 file names to toolchain format
configure:6791: result: func_convert_file_noop
configure:6798: checking for /Applications/Xcode9.app/Contents/Developer/Toolchains/XcodeDefault.xctoolchain/usr/bin/ld option to reload object files
configure:6805: result: -r
configure:6879: checking for objdump
configure:6906: result: objdump
configure:6935: checking how to recognize dependent libraries
configure:7135: result: pass_all
configure:7220: checking for dlltool
configure:7247: result: dlltool
configure:7277: checking how to associate runtime and link libraries
configure:7304: result: printf %s\n
configure:7364: checking for ar
configure:7380: found /usr/bin/ar
configure:7391: result: ar
configure:7428: checking for archiver @FILE support
configure:7445: gcc -c -g -O2  conftest.c >&5
configure:7445: $? = 0
configure:7448: ar cru libconftest.a @conftest.lst >&5
ar: @conftest.lst: No such file or directory
configure:7451: $? = 1
configure:7471: result: no
configure:7529: checking for strip
configure:7545: found /usr/bin/strip
configure:7556: result: strip
configure:7628: checking for ranlib
configure:7644: found /usr/bin/ranlib
configure:7655: result: ranlib
configure:7757: checking command to parse /usr/bin/nm -B output from gcc object
configure:7910: gcc -c -g -O2  conftest.c >&5
configure:7913: $? = 0
configure:7917: /usr/bin/nm -B conftest.o \| sed -n -e 's/^.*[ ]\([BCDEGRST][BCDEGRST]*\)[ ][ ]*\([_A-Za-z][_A-Za-z0-9]*\)$/\1 \2 \2/p' | sed '/ __gnu_lto/d' \> conftest.nm
configure:7920: $? = 0
cannot find nm_test_var in conftest.nm
configure:7910: gcc -c -g -O2  conftest.c >&5
configure:7913: $? = 0
configure:7917: /usr/bin/nm -B conftest.o \| sed -n -e 's/^.*[ ]\([BCDEGRST][BCDEGRST]*\)[ ][ ]*_\([_A-Za-z][_A-Za-z0-9]*\)$/\1 _\2 \2/p' | sed '/ __gnu_lto/d' \> conftest.nm
configure:7920: $? = 0
configure:7986: gcc -o conftest -g -O2   conftest.c conftstm.o >&5
warning: (x86_64)  could not find object file symbol for symbol _main
configure:7989: $? = 0
configure:8027: result: ok
configure:8074: checking for sysroot
configure:8104: result: no
configure:8111: checking for a working dd
configure:8149: result: /bin/dd
configure:8153: checking how to truncate binary pipes
configure:8168: result: /bin/dd bs=4096 count=1
configure:8497: checking for mt
configure:8527: result: no
configure:8547: checking if : is a manifest tool
configure:8553: : '-?'
configure:8561: result: no
configure:8617: checking for dsymutil
configure:8633: found /usr/bin/dsymutil
configure:8644: result: dsymutil
configure:8709: checking for nmedit
configure:8725: found /usr/bin/nmedit
configure:8736: result: nmedit
configure:8801: checking for lipo
configure:8817: found /usr/bin/lipo
configure:8828: result: lipo
configure:8893: checking for otool
configure:8909: found /usr/bin/otool
configure:8920: result: otool
configure:8985: checking for otool64
configure:9015: result: no
configure:9060: checking for -single_module linker flag
gcc -g -O2  -o libconftest.dylib -dynamiclib -Wl,-single_module conftest.c
configure:9093: result: yes
configure:9096: checking for -exported_symbols_list linker flag
configure:9116: gcc -o conftest -g -O2   -Wl,-exported_symbols_list,conftest.sym conftest.c  >&5
configure:9116: $? = 0
configure:9126: result: yes
configure:9129: checking for -force_load linker flag
gcc -g -O2 -c -o conftest.o conftest.c
ar cru libconftest.a conftest.o
ranlib libconftest.a
gcc -g -O2  -o conftest conftest.c -Wl,-force_load,./libconftest.a
configure:9161: result: yes
configure:9238: checking how to run the C preprocessor
configure:9269: gcc -E  conftest.c
configure:9269: $? = 0
configure:9283: gcc -E  conftest.c
conftest.c:12:10: fatal error: 'ac_nonexistent.h' file not found
#include <ac_nonexistent.h>
         ^~~~~~~~~~~~~~~~~~
1 error generated.
configure:9283: $? = 1
configure: failed program was:
| /* confdefs.h */
| #define PACKAGE_NAME "fftw"
| #define PACKAGE_TARNAME "fftw"
| #define PACKAGE_VERSION "3.3.7"
| #define PACKAGE_STRING "fftw 3.3.7"
| #define PACKAGE_BUGREPORT "fftw@fftw.org"
| #define PACKAGE_URL ""
| #define PACKAGE "fftw"
| #define VERSION "3.3.7"
| #define FFTW_ENABLE_ALLOCA 1
| /* end confdefs.h.  */
| #include <ac_nonexistent.h>
configure:9308: result: gcc -E
configure:9328: gcc -E  conftest.c
configure:9328: $? = 0
configure:9342: gcc -E  conftest.c
conftest.c:12:10: fatal error: 'ac_nonexistent.h' file not found
#include <ac_nonexistent.h>
         ^~~~~~~~~~~~~~~~~~
1 error generated.
configure:9342: $? = 1
configure: failed program was:
| /* confdefs.h */
| #define PACKAGE_NAME "fftw"
| #define PACKAGE_TARNAME "fftw"
| #define PACKAGE_VERSION "3.3.7"
| #define PACKAGE_STRING "fftw 3.3.7"
| #define PACKAGE_BUGREPORT "fftw@fftw.org"
| #define PACKAGE_URL ""
| #define PACKAGE "fftw"
| #define VERSION "3.3.7"
| #define FFTW_ENABLE_ALLOCA 1
| /* end confdefs.h.  */
| #include <ac_nonexistent.h>
configure:9371: checking for ANSI C header files
configure:9391: gcc -c -g -O2  conftest.c >&5
configure:9391: $? = 0
configure:9464: gcc -o conftest -g -O2   conftest.c  >&5
configure:9464: $? = 0
configure:9464: ./conftest
configure:9464: $? = 0
configure:9475: result: yes
configure:9488: checking for sys/types.h
configure:9488: gcc -c -g -O2  conftest.c >&5
configure:9488: $? = 0
configure:9488: result: yes
configure:9488: checking for sys/stat.h
configure:9488: gcc -c -g -O2  conftest.c >&5
configure:9488: $? = 0
configure:9488: result: yes
configure:9488: checking for stdlib.h
configure:9488: gcc -c -g -O2  conftest.c >&5
configure:9488: $? = 0
configure:9488: result: yes
configure:9488: checking for string.h
configure:9488: gcc -c -g -O2  conftest.c >&5
configure:9488: $? = 0
configure:9488: result: yes
configure:9488: checking for memory.h
configure:9488: gcc -c -g -O2  conftest.c >&5
configure:9488: $? = 0
configure:9488: result: yes
configure:9488: checking for strings.h
configure:9488: gcc -c -g -O2  conftest.c >&5
configure:9488: $? = 0
configure:9488: result: yes
configure:9488: checking for inttypes.h
configure:9488: gcc -c -g -O2  conftest.c >&5
configure:9488: $? = 0
configure:9488: result: yes
configure:9488: checking for stdint.h
configure:9488: gcc -c -g -O2  conftest.c >&5
configure:9488: $? = 0
configure:9488: result: yes
configure:9488: checking for unistd.h
configure:9488: gcc -c -g -O2  conftest.c >&5
configure:9488: $? = 0
configure:9488: result: yes
configure:9502: checking for dlfcn.h
configure:9502: gcc -c -g -O2  conftest.c >&5
configure:9502: $? = 0
configure:9502: result: yes
configure:9726: checking for objdir
configure:9741: result: .libs
configure:10005: checking if gcc supports -fno-rtti -fno-exceptions
configure:10023: gcc -c -g -O2  -fno-rtti -fno-exceptions conftest.c >&5
configure:10027: $? = 0
configure:10040: result: yes
configure:10398: checking for gcc option to produce PIC
configure:10405: result: -fno-common -DPIC
configure:10413: checking if gcc PIC flag -fno-common -DPIC works
configure:10431: gcc -c -g -O2  -fno-common -DPIC -DPIC conftest.c >&5
configure:10435: $? = 0
configure:10448: result: yes
configure:10477: checking if gcc static flag -static works
configure:10505: result: no
configure:10520: checking if gcc supports -c -o file.o
configure:10541: gcc -c -g -O2  -o out/conftest2.o conftest.c >&5
configure:10545: $? = 0
configure:10567: result: yes
configure:10575: checking if gcc supports -c -o file.o
configure:10622: result: yes
configure:10655: checking whether the gcc linker (/Applications/Xcode9.app/Contents/Developer/Toolchains/XcodeDefault.xctoolchain/usr/bin/ld) supports shared libraries
configure:11918: result: yes
configure:12158: checking dynamic linker characteristics
configure:12988: result: darwin17.5.0 dyld
configure:13110: checking how to hardcode library paths into programs
configure:13135: result: immediate
configure:13683: checking whether stripping libraries is possible
configure:13697: result: yes
configure:13723: checking if libtool supports shared libraries
configure:13725: result: yes
configure:13728: checking whether to build shared libraries
configure:13753: result: no
configure:13756: checking whether to build static libraries
configure:13760: result: yes
configure:13840: checking for ranlib
configure:13867: result: ranlib
configure:13892: checking for ocamlbuild
configure:13922: result: no
configure:14391: checking whether C compiler accepts -mtune=native
configure:14410: gcc -c -mtune=native  conftest.c >&5
configure:14410: $? = 0
configure:14420: result: yes
configure:14428: checking whether C compiler accepts -fstrict-aliasing
configure:14447: gcc -c -fstrict-aliasing  conftest.c >&5
configure:14447: $? = 0
configure:14457: result: yes
configure:14465: checking whether C compiler accepts -ffast-math
configure:14484: gcc -c -ffast-math  conftest.c >&5
configure:14484: $? = 0
configure:14494: result: yes
configure:14876: checking whether C compiler accepts -O3 -fomit-frame-pointer -mtune=native -fstrict-aliasing -ffast-math
configure:14891: gcc -c -O3 -fomit-frame-pointer -mtune=native -fstrict-aliasing -ffast-math  conftest.c >&5
configure:14891: $? = 0
configure:14899: result: yes
configure:15897: checking for ANSI C header files
configure:16001: result: yes
configure:16012: checking fcntl.h usability
configure:16012: gcc -c -O3 -fomit-frame-pointer -mtune=native -fstrict-aliasing -ffast-math  conftest.c >&5
configure:16012: $? = 0
configure:16012: result: yes
configure:16012: checking fcntl.h presence
configure:16012: gcc -E  conftest.c
configure:16012: $? = 0
configure:16012: result: yes
configure:16012: checking for fcntl.h
configure:16012: result: yes
configure:16012: checking fenv.h usability
configure:16012: gcc -c -O3 -fomit-frame-pointer -mtune=native -fstrict-aliasing -ffast-math  conftest.c >&5
configure:16012: $? = 0
configure:16012: result: yes
configure:16012: checking fenv.h presence
configure:16012: gcc -E  conftest.c
configure:16012: $? = 0
configure:16012: result: yes
configure:16012: checking for fenv.h
configure:16012: result: yes
configure:16012: checking limits.h usability
configure:16012: gcc -c -O3 -fomit-frame-pointer -mtune=native -fstrict-aliasing -ffast-math  conftest.c >&5
configure:16012: $? = 0
configure:16012: result: yes
configure:16012: checking limits.h presence
configure:16012: gcc -E  conftest.c
configure:16012: $? = 0
configure:16012: result: yes
configure:16012: checking for limits.h
configure:16012: result: yes
configure:16012: checking malloc.h usability
configure:16012: gcc -c -O3 -fomit-frame-pointer -mtune=native -fstrict-aliasing -ffast-math  conftest.c >&5
conftest.c:61:10: fatal error: 'malloc.h' file not found
#include <malloc.h>
         ^~~~~~~~~~
1 error generated.
configure:16012: $? = 1
configure: failed program was:
| /* confdefs.h */
| #define PACKAGE_NAME "fftw"
| #define PACKAGE_TARNAME "fftw"
| #define PACKAGE_VERSION "3.3.7"
| #define PACKAGE_STRING "fftw 3.3.7"
| #define PACKAGE_BUGREPORT "fftw@fftw.org"
| #define PACKAGE_URL ""
| #define PACKAGE "fftw"
| #define VERSION "3.3.7"
| #define FFTW_ENABLE_ALLOCA 1
| #define STDC_HEADERS 1
| #define HAVE_SYS_TYPES_H 1
| #define HAVE_SYS_STAT_H 1
| #define HAVE_STDLIB_H 1
| #define HAVE_STRING_H 1
| #define HAVE_MEMORY_H 1
| #define HAVE_STRINGS_H 1
| #define HAVE_INTTYPES_H 1
| #define HAVE_STDINT_H 1
| #define HAVE_UNISTD_H 1
| #define HAVE_DLFCN_H 1
| #define LT_OBJDIR ".libs/"
| #define STDC_HEADERS 1
| #define HAVE_FCNTL_H 1
| #define HAVE_FENV_H 1
| #define HAVE_LIMITS_H 1
| /* end confdefs.h.  */
| #include <stdio.h>
| #ifdef HAVE_SYS_TYPES_H
| # include <sys/types.h>
| #endif
| #ifdef HAVE_SYS_STAT_H
| # include <sys/stat.h>
| #endif
| #ifdef STDC_HEADERS
| # include <stdlib.h>
| # include <stddef.h>
| #else
| # ifdef HAVE_STDLIB_H
| #  include <stdlib.h>
| # endif
| #endif
| #ifdef HAVE_STRING_H
| # if !defined STDC_HEADERS && defined HAVE_MEMORY_H
| #  include <memory.h>
| # endif
| # include <string.h>
| #endif
| #ifdef HAVE_STRINGS_H
| # include <strings.h>
| #endif
| #ifdef HAVE_INTTYPES_H
| # include <inttypes.h>
| #endif
| #ifdef HAVE_STDINT_H
| # include <stdint.h>
| #endif
| #ifdef HAVE_UNISTD_H
| # include <unistd.h>
| #endif
| #include <malloc.h>
configure:16012: result: no
configure:16012: checking malloc.h presence
configure:16012: gcc -E  conftest.c
conftest.c:28:10: fatal error: 'malloc.h' file not found
#include <malloc.h>
         ^~~~~~~~~~
1 error generated.
configure:16012: $? = 1
configure: failed program was:
| /* confdefs.h */
| #define PACKAGE_NAME "fftw"
| #define PACKAGE_TARNAME "fftw"
| #define PACKAGE_VERSION "3.3.7"
| #define PACKAGE_STRING "fftw 3.3.7"
| #define PACKAGE_BUGREPORT "fftw@fftw.org"
| #define PACKAGE_URL ""
| #define PACKAGE "fftw"
| #define VERSION "3.3.7"
| #define FFTW_ENABLE_ALLOCA 1
| #define STDC_HEADERS 1
| #define HAVE_SYS_TYPES_H 1
| #define HAVE_SYS_STAT_H 1
| #define HAVE_STDLIB_H 1
| #define HAVE_STRING_H 1
| #define HAVE_MEMORY_H 1
| #define HAVE_STRINGS_H 1
| #define HAVE_INTTYPES_H 1
| #define HAVE_STDINT_H 1
| #define HAVE_UNISTD_H 1
| #define HAVE_DLFCN_H 1
| #define LT_OBJDIR ".libs/"
| #define STDC_HEADERS 1
| #define HAVE_FCNTL_H 1
| #define HAVE_FENV_H 1
| #define HAVE_LIMITS_H 1
| /* end confdefs.h.  */
| #include <malloc.h>
configure:16012: result: no
configure:16012: checking for malloc.h
configure:16012: result: no
configure:16012: checking stddef.h usability
configure:16012: gcc -c -O3 -fomit-frame-pointer -mtune=native -fstrict-aliasing -ffast-math  conftest.c >&5
configure:16012: $? = 0
configure:16012: result: yes
configure:16012: checking stddef.h presence
configure:16012: gcc -E  conftest.c
configure:16012: $? = 0
configure:16012: result: yes
configure:16012: checking for stddef.h
configure:16012: result: yes
configure:16012: checking sys/time.h usability
configure:16012: gcc -c -O3 -fomit-frame-pointer -mtune=native -fstrict-aliasing -ffast-math  conftest.c >&5
configure:16012: $? = 0
configure:16012: result: yes
configure:16012: checking sys/time.h presence
configure:16012: gcc -E  conftest.c
configure:16012: $? = 0
configure:16012: result: yes
configure:16012: checking for sys/time.h
configure:16012: result: yes
configure:16029: checking altivec.h usability
configure:16029: gcc -c -O3 -fomit-frame-pointer -mtune=native -fstrict-aliasing -ffast-math      conftest.c >&5
In file included from conftest.c:63:
/Applications/Xcode9.app/Contents/Developer/Toolchains/XcodeDefault.xctoolchain/usr/lib/clang/9.0.0/include/altivec.h:27:2: error: "AltiVec support not enabled"
#error "AltiVec support not enabled"
 ^
/Applications/Xcode9.app/Contents/Developer/Toolchains/XcodeDefault.xctoolchain/usr/lib/clang/9.0.0/include/altivec.h:62:19: error: unknown type name 'vector'
static __inline__ vector signed char __ATTRS_o_ai vec_perm(
                  ^
/Applications/Xcode9.app/Contents/Developer/Toolchains/XcodeDefault.xctoolchain/usr/lib/clang/9.0.0/include/altivec.h:62:26: error: expected identifier or '('
static __inline__ vector signed char __ATTRS_o_ai vec_perm(
                         ^
/Applications/Xcode9.app/Contents/Developer/Toolchains/XcodeDefault.xctoolchain/usr/lib/clang/9.0.0/include/altivec.h:65:19: error: unknown type name 'vector'
static __inline__ vector unsigned char __ATTRS_o_ai
                  ^
/Applications/Xcode9.app/Contents/Developer/Toolchains/XcodeDefault.xctoolchain/usr/lib/clang/9.0.0/include/altivec.h:65:26: error: expected identifier or '('
static __inline__ vector unsigned char __ATTRS_o_ai
                         ^
/Applications/Xcode9.app/Contents/Developer/Toolchains/XcodeDefault.xctoolchain/usr/lib/clang/9.0.0/include/altivec.h:69:19: error: unknown type name 'vector'
static __inline__ vector bool char __ATTRS_o_ai
                  ^
/Applications/Xcode9.app/Contents/Developer/Toolchains/XcodeDefault.xctoolchain/usr/lib/clang/9.0.0/include/altivec.h:69:8: error: 'inline' can only appear on functions
static __inline__ vector bool char __ATTRS_o_ai
       ^
/Applications/Xcode9.app/Contents/Developer/Toolchains/XcodeDefault.xctoolchain/usr/lib/clang/9.0.0/include/altivec.h:69:30: error: expected ';' after top level declarator
static __inline__ vector bool char __ATTRS_o_ai
                             ^
/Applications/Xcode9.app/Contents/Developer/Toolchains/XcodeDefault.xctoolchain/usr/lib/clang/9.0.0/include/altivec.h:70:10: error: unknown type name 'vector'
vec_perm(vector bool char __a, vector bool char __b, vector unsigned char __c);
         ^
/Applications/Xcode9.app/Contents/Developer/Toolchains/XcodeDefault.xctoolchain/usr/lib/clang/9.0.0/include/altivec.h:70:22: error: expected ')'
vec_perm(vector bool char __a, vector bool char __b, vector unsigned char __c);
                     ^
/Applications/Xcode9.app/Contents/Developer/Toolchains/XcodeDefault.xctoolchain/usr/lib/clang/9.0.0/include/altivec.h:70:9: note: to match this '('
vec_perm(vector bool char __a, vector bool char __b, vector unsigned char __c);
        ^
/Applications/Xcode9.app/Contents/Developer/Toolchains/XcodeDefault.xctoolchain/usr/lib/clang/9.0.0/include/altivec.h:72:19: error: unknown type name 'vector'
static __inline__ vector short __ATTRS_o_ai vec_perm(vector signed short __a,
                  ^
/Applications/Xcode9.app/Contents/Developer/Toolchains/XcodeDefault.xctoolchain/usr/lib/clang/9.0.0/include/altivec.h:72:26: error: expected identifier or '('
static __inline__ vector short __ATTRS_o_ai vec_perm(vector signed short __a,
                         ^
/Applications/Xcode9.app/Contents/Developer/Toolchains/XcodeDefault.xctoolchain/usr/lib/clang/9.0.0/include/altivec.h:76:19: error: unknown type name 'vector'
static __inline__ vector unsigned short __ATTRS_o_ai
                  ^
/Applications/Xcode9.app/Contents/Developer/Toolchains/XcodeDefault.xctoolchain/usr/lib/clang/9.0.0/include/altivec.h:76:26: error: expected identifier or '('
static __inline__ vector unsigned short __ATTRS_o_ai
                         ^
/Applications/Xcode9.app/Contents/Developer/Toolchains/XcodeDefault.xctoolchain/usr/lib/clang/9.0.0/include/altivec.h:80:19: error: unknown type name 'vector'
static __inline__ vector bool short __ATTRS_o_ai vec_perm(
                  ^
/Applications/Xcode9.app/Contents/Developer/Toolchains/XcodeDefault.xctoolchain/usr/lib/clang/9.0.0/include/altivec.h:80:8: error: 'inline' can only appear on functions
static __inline__ vector bool short __ATTRS_o_ai vec_perm(
       ^
/Applications/Xcode9.app/Contents/Developer/Toolchains/XcodeDefault.xctoolchain/usr/lib/clang/9.0.0/include/altivec.h:80:30: error: expected ';' after top level declarator
static __inline__ vector bool short __ATTRS_o_ai vec_perm(
                             ^
/Applications/Xcode9.app/Contents/Developer/Toolchains/XcodeDefault.xctoolchain/usr/lib/clang/9.0.0/include/altivec.h:81:5: error: unknown type name 'vector'
    vector bool short __a, vector bool short __b, vector unsigned char __c);
    ^
/Applications/Xcode9.app/Contents/Developer/Toolchains/XcodeDefault.xctoolchain/usr/lib/clang/9.0.0/include/altivec.h:81:17: error: expected ')'
    vector bool short __a, vector bool short __b, vector unsigned char __c);
                ^
/Applications/Xcode9.app/Contents/Developer/Toolchains/XcodeDefault.xctoolchain/usr/lib/clang/9.0.0/include/altivec.h:80:58: note: to match this '('
static __inline__ vector bool short __ATTRS_o_ai vec_perm(
                                                         ^
fatal error: too many errors emitted, stopping now [-ferror-limit=]
20 errors generated.
configure:16029: $? = 1
configure: failed program was:
| /* confdefs.h */
| #define PACKAGE_NAME "fftw"
| #define PACKAGE_TARNAME "fftw"
| #define PACKAGE_VERSION "3.3.7"
| #define PACKAGE_STRING "fftw 3.3.7"
| #define PACKAGE_BUGREPORT "fftw@fftw.org"
| #define PACKAGE_URL ""
| #define PACKAGE "fftw"
| #define VERSION "3.3.7"
| #define FFTW_ENABLE_ALLOCA 1
| #define STDC_HEADERS 1
| #define HAVE_SYS_TYPES_H 1
| #define HAVE_SYS_STAT_H 1
| #define HAVE_STDLIB_H 1
| #define HAVE_STRING_H 1
| #define HAVE_MEMORY_H 1
| #define HAVE_STRINGS_H 1
| #define HAVE_INTTYPES_H 1
| #define HAVE_STDINT_H 1
| #define HAVE_UNISTD_H 1
| #define HAVE_DLFCN_H 1
| #define LT_OBJDIR ".libs/"
| #define STDC_HEADERS 1
| #define HAVE_FCNTL_H 1
| #define HAVE_FENV_H 1
| #define HAVE_LIMITS_H 1
| #define HAVE_STDDEF_H 1
| #define HAVE_SYS_TIME_H 1
| /* end confdefs.h.  */
| #include <stdio.h>
| #ifdef HAVE_SYS_TYPES_H
| # include <sys/types.h>
| #endif
| #ifdef HAVE_SYS_STAT_H
| # include <sys/stat.h>
| #endif
| #ifdef STDC_HEADERS
| # include <stdlib.h>
| # include <stddef.h>
| #else
| # ifdef HAVE_STDLIB_H
| #  include <stdlib.h>
| # endif
| #endif
| #ifdef HAVE_STRING_H
| # if !defined STDC_HEADERS && defined HAVE_MEMORY_H
| #  include <memory.h>
| # endif
| # include <string.h>
| #endif
| #ifdef HAVE_STRINGS_H
| # include <strings.h>
| #endif
| #ifdef HAVE_INTTYPES_H
| # include <inttypes.h>
| #endif
| #ifdef HAVE_STDINT_H
| # include <stdint.h>
| #endif
| #ifdef HAVE_UNISTD_H
| # include <unistd.h>
| #endif
| #include <altivec.h>
configure:16029: result: no
configure:16029: checking altivec.h presence
configure:16029: gcc -E    conftest.c
In file included from conftest.c:30:
/Applications/Xcode9.app/Contents/Developer/Toolchains/XcodeDefault.xctoolchain/usr/lib/clang/9.0.0/include/altivec.h:27:2: error: "AltiVec support not enabled"
#error "AltiVec support not enabled"
 ^
1 error generated.
configure:16029: $? = 1
configure: failed program was:
| /* confdefs.h */
| #define PACKAGE_NAME "fftw"
| #define PACKAGE_TARNAME "fftw"
| #define PACKAGE_VERSION "3.3.7"
| #define PACKAGE_STRING "fftw 3.3.7"
| #define PACKAGE_BUGREPORT "fftw@fftw.org"
| #define PACKAGE_URL ""
| #define PACKAGE "fftw"
| #define VERSION "3.3.7"
| #define FFTW_ENABLE_ALLOCA 1
| #define STDC_HEADERS 1
| #define HAVE_SYS_TYPES_H 1
| #define HAVE_SYS_STAT_H 1
| #define HAVE_STDLIB_H 1
| #define HAVE_STRING_H 1
| #define HAVE_MEMORY_H 1
| #define HAVE_STRINGS_H 1
| #define HAVE_INTTYPES_H 1
| #define HAVE_STDINT_H 1
| #define HAVE_UNISTD_H 1
| #define HAVE_DLFCN_H 1
| #define LT_OBJDIR ".libs/"
| #define STDC_HEADERS 1
| #define HAVE_FCNTL_H 1
| #define HAVE_FENV_H 1
| #define HAVE_LIMITS_H 1
| #define HAVE_STDDEF_H 1
| #define HAVE_SYS_TIME_H 1
| /* end confdefs.h.  */
| #include <altivec.h>
configure:16029: result: no
configure:16029: checking for altivec.h
configure:16029: result: no
configure:16042: checking for an ANSI C-conforming const
configure:16108: gcc -c -O3 -fomit-frame-pointer -mtune=native -fstrict-aliasing -ffast-math  conftest.c >&5
configure:16108: $? = 0
configure:16115: result: yes
configure:16123: checking for inline
configure:16139: gcc -c -O3 -fomit-frame-pointer -mtune=native -fstrict-aliasing -ffast-math  conftest.c >&5
configure:16139: $? = 0
configure:16147: result: inline
configure:16165: checking for size_t
configure:16165: gcc -c -O3 -fomit-frame-pointer -mtune=native -fstrict-aliasing -ffast-math  conftest.c >&5
configure:16165: $? = 0
configure:16165: gcc -c -O3 -fomit-frame-pointer -mtune=native -fstrict-aliasing -ffast-math  conftest.c >&5
conftest.c:66:21: error: expected expression
if (sizeof ((size_t)))
                    ^
1 error generated.
configure:16165: $? = 1
configure: failed program was:
| /* confdefs.h */
| #define PACKAGE_NAME "fftw"
| #define PACKAGE_TARNAME "fftw"
| #define PACKAGE_VERSION "3.3.7"
| #define PACKAGE_STRING "fftw 3.3.7"
| #define PACKAGE_BUGREPORT "fftw@fftw.org"
| #define PACKAGE_URL ""
| #define PACKAGE "fftw"
| #define VERSION "3.3.7"
| #define FFTW_ENABLE_ALLOCA 1
| #define STDC_HEADERS 1
| #define HAVE_SYS_TYPES_H 1
| #define HAVE_SYS_STAT_H 1
| #define HAVE_STDLIB_H 1
| #define HAVE_STRING_H 1
| #define HAVE_MEMORY_H 1
| #define HAVE_STRINGS_H 1
| #define HAVE_INTTYPES_H 1
| #define HAVE_STDINT_H 1
| #define HAVE_UNISTD_H 1
| #define HAVE_DLFCN_H 1
| #define LT_OBJDIR ".libs/"
| #define STDC_HEADERS 1
| #define HAVE_FCNTL_H 1
| #define HAVE_FENV_H 1
| #define HAVE_LIMITS_H 1
| #define HAVE_STDDEF_H 1
| #define HAVE_SYS_TIME_H 1
| /* end confdefs.h.  */
| #include <stdio.h>
| #ifdef HAVE_SYS_TYPES_H
| # include <sys/types.h>
| #endif
| #ifdef HAVE_SYS_STAT_H
| # include <sys/stat.h>
| #endif
| #ifdef STDC_HEADERS
| # include <stdlib.h>
| # include <stddef.h>
| #else
| # ifdef HAVE_STDLIB_H
| #  include <stdlib.h>
| # endif
| #endif
| #ifdef HAVE_STRING_H
| # if !defined STDC_HEADERS && defined HAVE_MEMORY_H
| #  include <memory.h>
| # endif
| # include <string.h>
| #endif
| #ifdef HAVE_STRINGS_H
| # include <strings.h>
| #endif
| #ifdef HAVE_INTTYPES_H
| # include <inttypes.h>
| #endif
| #ifdef HAVE_STDINT_H
| # include <stdint.h>
| #endif
| #ifdef HAVE_UNISTD_H
| # include <unistd.h>
| #endif
| int
| main ()
| {
| if (sizeof ((size_t)))
| 	    return 0;
|   ;
|   return 0;
| }
configure:16165: result: yes
configure:16176: checking for uint32_t
configure:16176: gcc -c -O3 -fomit-frame-pointer -mtune=native -fstrict-aliasing -ffast-math  conftest.c >&5
configure:16176: $? = 0
configure:16176: result: yes
configure:16190: checking for uint64_t
configure:16190: gcc -c -O3 -fomit-frame-pointer -mtune=native -fstrict-aliasing -ffast-math  conftest.c >&5
configure:16190: $? = 0
configure:16190: result: yes
configure:16204: checking whether time.h and sys/time.h may both be included
configure:16224: gcc -c -O3 -fomit-frame-pointer -mtune=native -fstrict-aliasing -ffast-math  conftest.c >&5
configure:16224: $? = 0
configure:16231: result: yes
configure:16239: checking for long double
configure:16239: gcc -c -O3 -fomit-frame-pointer -mtune=native -fstrict-aliasing -ffast-math  conftest.c >&5
configure:16239: $? = 0
configure:16239: gcc -c -O3 -fomit-frame-pointer -mtune=native -fstrict-aliasing -ffast-math  conftest.c >&5
conftest.c:67:26: error: expected expression
if (sizeof ((long double)))
                         ^
1 error generated.
configure:16239: $? = 1
configure: failed program was:
| /* confdefs.h */
| #define PACKAGE_NAME "fftw"
| #define PACKAGE_TARNAME "fftw"
| #define PACKAGE_VERSION "3.3.7"
| #define PACKAGE_STRING "fftw 3.3.7"
| #define PACKAGE_BUGREPORT "fftw@fftw.org"
| #define PACKAGE_URL ""
| #define PACKAGE "fftw"
| #define VERSION "3.3.7"
| #define FFTW_ENABLE_ALLOCA 1
| #define STDC_HEADERS 1
| #define HAVE_SYS_TYPES_H 1
| #define HAVE_SYS_STAT_H 1
| #define HAVE_STDLIB_H 1
| #define HAVE_STRING_H 1
| #define HAVE_MEMORY_H 1
| #define HAVE_STRINGS_H 1
| #define HAVE_INTTYPES_H 1
| #define HAVE_STDINT_H 1
| #define HAVE_UNISTD_H 1
| #define HAVE_DLFCN_H 1
| #define LT_OBJDIR ".libs/"
| #define STDC_HEADERS 1
| #define HAVE_FCNTL_H 1
| #define HAVE_FENV_H 1
| #define HAVE_LIMITS_H 1
| #define HAVE_STDDEF_H 1
| #define HAVE_SYS_TIME_H 1
| #define TIME_WITH_SYS_TIME 1
| /* end confdefs.h.  */
| #include <stdio.h>
| #ifdef HAVE_SYS_TYPES_H
| # include <sys/types.h>
| #endif
| #ifdef HAVE_SYS_STAT_H
| # include <sys/stat.h>
| #endif
| #ifdef STDC_HEADERS
| # include <stdlib.h>
| # include <stddef.h>
| #else
| # ifdef HAVE_STDLIB_H
| #  include <stdlib.h>
| # endif
| #endif
| #ifdef HAVE_STRING_H
| # if !defined STDC_HEADERS && defined HAVE_MEMORY_H
| #  include <memory.h>
| # endif
| # include <string.h>
| #endif
| #ifdef HAVE_STRINGS_H
| # include <strings.h>
| #endif
| #ifdef HAVE_INTTYPES_H
| # include <inttypes.h>
| #endif
| #ifdef HAVE_STDINT_H
| # include <stdint.h>
| #endif
| #ifdef HAVE_UNISTD_H
| # include <unistd.h>
| #endif
| int
| main ()
| {
| if (sizeof ((long double)))
| 	    return 0;
|   ;
|   return 0;
| }
configure:16239: result: yes
configure:16252: checking for hrtime_t
configure:16252: gcc -c -O3 -fomit-frame-pointer -mtune=native -fstrict-aliasing -ffast-math  conftest.c >&5
conftest.c:41:13: error: use of undeclared identifier 'hrtime_t'; did you mean 'gmtime_r'?
if (sizeof (hrtime_t))
            ^~~~~~~~
            gmtime_r
/usr/include/time.h:126:12: note: 'gmtime_r' declared here
struct tm *gmtime_r(const time_t * __restrict, struct tm * __restrict);
           ^
1 error generated.
configure:16252: $? = 1
configure: failed program was:
| /* confdefs.h */
| #define PACKAGE_NAME "fftw"
| #define PACKAGE_TARNAME "fftw"
| #define PACKAGE_VERSION "3.3.7"
| #define PACKAGE_STRING "fftw 3.3.7"
| #define PACKAGE_BUGREPORT "fftw@fftw.org"
| #define PACKAGE_URL ""
| #define PACKAGE "fftw"
| #define VERSION "3.3.7"
| #define FFTW_ENABLE_ALLOCA 1
| #define STDC_HEADERS 1
| #define HAVE_SYS_TYPES_H 1
| #define HAVE_SYS_STAT_H 1
| #define HAVE_STDLIB_H 1
| #define HAVE_STRING_H 1
| #define HAVE_MEMORY_H 1
| #define HAVE_STRINGS_H 1
| #define HAVE_INTTYPES_H 1
| #define HAVE_STDINT_H 1
| #define HAVE_UNISTD_H 1
| #define HAVE_DLFCN_H 1
| #define LT_OBJDIR ".libs/"
| #define STDC_HEADERS 1
| #define HAVE_FCNTL_H 1
| #define HAVE_FENV_H 1
| #define HAVE_LIMITS_H 1
| #define HAVE_STDDEF_H 1
| #define HAVE_SYS_TIME_H 1
| #define TIME_WITH_SYS_TIME 1
| #define HAVE_LONG_DOUBLE 1
| /* end confdefs.h.  */
| 
| #if HAVE_SYS_TIME_H
| #include <sys/time.h>
| #endif
| 
| 
| int
| main ()
| {
| if (sizeof (hrtime_t))
| 	 return 0;
|   ;
|   return 0;
| }
configure:16252: result: no
configure:16269: checking size of int
configure:16274: gcc -o conftest -O3 -fomit-frame-pointer -mtune=native -fstrict-aliasing -ffast-math   conftest.c  >&5
configure:16274: $? = 0
configure:16274: ./conftest
configure:16274: $? = 0
configure:16288: result: 4
configure:16302: checking size of unsigned int
configure:16307: gcc -o conftest -O3 -fomit-frame-pointer -mtune=native -fstrict-aliasing -ffast-math   conftest.c  >&5
configure:16307: $? = 0
configure:16307: ./conftest
configure:16307: $? = 0
configure:16321: result: 4
configure:16335: checking size of long
configure:16340: gcc -o conftest -O3 -fomit-frame-pointer -mtune=native -fstrict-aliasing -ffast-math   conftest.c  >&5
configure:16340: $? = 0
configure:16340: ./conftest
configure:16340: $? = 0
configure:16354: result: 8
configure:16368: checking size of unsigned long
configure:16373: gcc -o conftest -O3 -fomit-frame-pointer -mtune=native -fstrict-aliasing -ffast-math   conftest.c  >&5
configure:16373: $? = 0
configure:16373: ./conftest
configure:16373: $? = 0
configure:16387: result: 8
configure:16401: checking size of long long
configure:16406: gcc -o conftest -O3 -fomit-frame-pointer -mtune=native -fstrict-aliasing -ffast-math   conftest.c  >&5
configure:16406: $? = 0
configure:16406: ./conftest
configure:16406: $? = 0
configure:16420: result: 8
configure:16434: checking size of unsigned long long
configure:16439: gcc -o conftest -O3 -fomit-frame-pointer -mtune=native -fstrict-aliasing -ffast-math   conftest.c  >&5
configure:16439: $? = 0
configure:16439: ./conftest
configure:16439: $? = 0
configure:16453: result: 8
configure:16467: checking size of size_t
configure:16472: gcc -o conftest -O3 -fomit-frame-pointer -mtune=native -fstrict-aliasing -ffast-math   conftest.c  >&5
configure:16472: $? = 0
configure:16472: ./conftest
configure:16472: $? = 0
configure:16486: result: 8
configure:16500: checking size of ptrdiff_t
configure:16505: gcc -o conftest -O3 -fomit-frame-pointer -mtune=native -fstrict-aliasing -ffast-math   conftest.c  >&5
configure:16505: $? = 0
configure:16505: ./conftest
configure:16505: $? = 0
configure:16519: result: 8
configure:16530: checking for ptrdiff_t
configure:16530: gcc -c -O3 -fomit-frame-pointer -mtune=native -fstrict-aliasing -ffast-math  conftest.c >&5
configure:16530: $? = 0
configure:16530: gcc -c -O3 -fomit-frame-pointer -mtune=native -fstrict-aliasing -ffast-math  conftest.c >&5
conftest.c:76:24: error: expected expression
if (sizeof ((ptrdiff_t)))
                       ^
1 error generated.
configure:16530: $? = 1
configure: failed program was:
| /* confdefs.h */
| #define PACKAGE_NAME "fftw"
| #define PACKAGE_TARNAME "fftw"
| #define PACKAGE_VERSION "3.3.7"
| #define PACKAGE_STRING "fftw 3.3.7"
| #define PACKAGE_BUGREPORT "fftw@fftw.org"
| #define PACKAGE_URL ""
| #define PACKAGE "fftw"
| #define VERSION "3.3.7"
| #define FFTW_ENABLE_ALLOCA 1
| #define STDC_HEADERS 1
| #define HAVE_SYS_TYPES_H 1
| #define HAVE_SYS_STAT_H 1
| #define HAVE_STDLIB_H 1
| #define HAVE_STRING_H 1
| #define HAVE_MEMORY_H 1
| #define HAVE_STRINGS_H 1
| #define HAVE_INTTYPES_H 1
| #define HAVE_STDINT_H 1
| #define HAVE_UNISTD_H 1
| #define HAVE_DLFCN_H 1
| #define LT_OBJDIR ".libs/"
| #define STDC_HEADERS 1
| #define HAVE_FCNTL_H 1
| #define HAVE_FENV_H 1
| #define HAVE_LIMITS_H 1
| #define HAVE_STDDEF_H 1
| #define HAVE_SYS_TIME_H 1
| #define TIME_WITH_SYS_TIME 1
| #define HAVE_LONG_DOUBLE 1
| #define SIZEOF_INT 4
| #define SIZEOF_UNSIGNED_INT 4
| #define SIZEOF_LONG 8
| #define SIZEOF_UNSIGNED_LONG 8
| #define SIZEOF_LONG_LONG 8
| #define SIZEOF_UNSIGNED_LONG_LONG 8
| #define SIZEOF_SIZE_T 8
| #define SIZEOF_PTRDIFF_T 8
| /* end confdefs.h.  */
| #include <stdio.h>
| #ifdef HAVE_SYS_TYPES_H
| # include <sys/types.h>
| #endif
| #ifdef HAVE_SYS_STAT_H
| # include <sys/stat.h>
| #endif
| #ifdef STDC_HEADERS
| # include <stdlib.h>
| # include <stddef.h>
| #else
| # ifdef HAVE_STDLIB_H
| #  include <stdlib.h>
| # endif
| #endif
| #ifdef HAVE_STRING_H
| # if !defined STDC_HEADERS && defined HAVE_MEMORY_H
| #  include <memory.h>
| # endif
| # include <string.h>
| #endif
| #ifdef HAVE_STRINGS_H
| # include <strings.h>
| #endif
| #ifdef HAVE_INTTYPES_H
| # include <inttypes.h>
| #endif
| #ifdef HAVE_STDINT_H
| # include <stdint.h>
| #endif
| #ifdef HAVE_UNISTD_H
| # include <unistd.h>
| #endif
| int
| main ()
| {
| if (sizeof ((ptrdiff_t)))
| 	    return 0;
|   ;
|   return 0;
| }
configure:16530: result: yes
configure:16540: checking for uintptr_t
configure:16540: gcc -c -O3 -fomit-frame-pointer -mtune=native -fstrict-aliasing -ffast-math  conftest.c >&5
configure:16540: $? = 0
configure:16540: gcc -c -O3 -fomit-frame-pointer -mtune=native -fstrict-aliasing -ffast-math  conftest.c >&5
conftest.c:81:24: error: expected expression
if (sizeof ((uintptr_t)))
                       ^
1 error generated.
configure:16540: $? = 1
configure: failed program was:
| /* confdefs.h */
| #define PACKAGE_NAME "fftw"
| #define PACKAGE_TARNAME "fftw"
| #define PACKAGE_VERSION "3.3.7"
| #define PACKAGE_STRING "fftw 3.3.7"
| #define PACKAGE_BUGREPORT "fftw@fftw.org"
| #define PACKAGE_URL ""
| #define PACKAGE "fftw"
| #define VERSION "3.3.7"
| #define FFTW_ENABLE_ALLOCA 1
| #define STDC_HEADERS 1
| #define HAVE_SYS_TYPES_H 1
| #define HAVE_SYS_STAT_H 1
| #define HAVE_STDLIB_H 1
| #define HAVE_STRING_H 1
| #define HAVE_MEMORY_H 1
| #define HAVE_STRINGS_H 1
| #define HAVE_INTTYPES_H 1
| #define HAVE_STDINT_H 1
| #define HAVE_UNISTD_H 1
| #define HAVE_DLFCN_H 1
| #define LT_OBJDIR ".libs/"
| #define STDC_HEADERS 1
| #define HAVE_FCNTL_H 1
| #define HAVE_FENV_H 1
| #define HAVE_LIMITS_H 1
| #define HAVE_STDDEF_H 1
| #define HAVE_SYS_TIME_H 1
| #define TIME_WITH_SYS_TIME 1
| #define HAVE_LONG_DOUBLE 1
| #define SIZEOF_INT 4
| #define SIZEOF_UNSIGNED_INT 4
| #define SIZEOF_LONG 8
| #define SIZEOF_UNSIGNED_LONG 8
| #define SIZEOF_LONG_LONG 8
| #define SIZEOF_UNSIGNED_LONG_LONG 8
| #define SIZEOF_SIZE_T 8
| #define SIZEOF_PTRDIFF_T 8
| #define HAVE_PTRDIFF_T 1
| /* end confdefs.h.  */
| #include <stdio.h>
| #ifdef HAVE_SYS_TYPES_H
| # include <sys/types.h>
| #endif
| #ifdef HAVE_SYS_STAT_H
| # include <sys/stat.h>
| #endif
| #ifdef STDC_HEADERS
| # include <stdlib.h>
| # include <stddef.h>
| #else
| # ifdef HAVE_STDLIB_H
| #  include <stdlib.h>
| # endif
| #endif
| #ifdef HAVE_STRING_H
| # if !defined STDC_HEADERS && defined HAVE_MEMORY_H
| #  include <memory.h>
| # endif
| # include <string.h>
| #endif
| #ifdef HAVE_STRINGS_H
| # include <strings.h>
| #endif
| #ifdef HAVE_INTTYPES_H
| # include <inttypes.h>
| #endif
| #ifdef HAVE_STDINT_H
| # include <stdint.h>
| #endif
| #ifdef HAVE_UNISTD_H
| # include <unistd.h>
| #endif
| #ifdef HAVE_STDINT_H
| #  include <stdint.h>
| #endif
| 
| int
| main ()
| {
| if (sizeof ((uintptr_t)))
| 	    return 0;
|   ;
|   return 0;
| }
configure:16540: result: yes
configure:16593: checking size of float
configure:16598: gcc -o conftest -O3 -fomit-frame-pointer -mtune=native -fstrict-aliasing -ffast-math   conftest.c  >&5
configure:16598: $? = 0
configure:16598: ./conftest
configure:16598: $? = 0
configure:16612: result: 4
configure:16626: checking size of double
configure:16631: gcc -o conftest -O3 -fomit-frame-pointer -mtune=native -fstrict-aliasing -ffast-math   conftest.c  >&5
configure:16631: $? = 0
configure:16631: ./conftest
configure:16631: $? = 0
configure:16645: result: 8
configure:16660: checking size of fftw_r2r_kind
configure:16665: gcc -o conftest -O3 -fomit-frame-pointer -mtune=native -fstrict-aliasing -ffast-math   conftest.c  >&5
configure:16665: $? = 0
configure:16665: ./conftest
configure:16665: $? = 0
configure:16684: result: 4
configure:16700: checking for working alloca.h
configure:16717: gcc -o conftest -O3 -fomit-frame-pointer -mtune=native -fstrict-aliasing -ffast-math   conftest.c  >&5
configure:16717: $? = 0
configure:16725: result: yes
configure:16733: checking for alloca
configure:16770: gcc -o conftest -O3 -fomit-frame-pointer -mtune=native -fstrict-aliasing -ffast-math   conftest.c  >&5
configure:16770: $? = 0
configure:16778: result: yes
configure:16884: checking for working strtod
configure:16925: gcc -o conftest -O3 -fomit-frame-pointer -mtune=native -fstrict-aliasing -ffast-math   conftest.c  >&5
configure:16925: $? = 0
configure:16925: ./conftest
configure:16925: $? = 0
configure:16935: result: yes
configure:16999: checking for vprintf
configure:16999: gcc -o conftest -O3 -fomit-frame-pointer -mtune=native -fstrict-aliasing -ffast-math   conftest.c  >&5
conftest.c:70:6: warning: incompatible redeclaration of library function 'vprintf' [-Wincompatible-library-redeclaration]
char vprintf ();
     ^
conftest.c:70:6: note: 'vprintf' is a builtin with type 'int (const char *, struct __va_list_tag *)'
1 warning generated.
configure:16999: $? = 0
configure:16999: result: yes
configure:17005: checking for _doprnt
configure:17005: gcc -o conftest -O3 -fomit-frame-pointer -mtune=native -fstrict-aliasing -ffast-math   conftest.c  >&5
Undefined symbols for architecture x86_64:
  "__doprnt", referenced from:
      _main in conftest-a3637c.o
ld: symbol(s) not found for architecture x86_64
clang: error: linker command failed with exit code 1 (use -v to see invocation)
configure:17005: $? = 1
configure: failed program was:
| /* confdefs.h */
| #define PACKAGE_NAME "fftw"
| #define PACKAGE_TARNAME "fftw"
| #define PACKAGE_VERSION "3.3.7"
| #define PACKAGE_STRING "fftw 3.3.7"
| #define PACKAGE_BUGREPORT "fftw@fftw.org"
| #define PACKAGE_URL ""
| #define PACKAGE "fftw"
| #define VERSION "3.3.7"
| #define FFTW_ENABLE_ALLOCA 1
| #define STDC_HEADERS 1
| #define HAVE_SYS_TYPES_H 1
| #define HAVE_SYS_STAT_H 1
| #define HAVE_STDLIB_H 1
| #define HAVE_STRING_H 1
| #define HAVE_MEMORY_H 1
| #define HAVE_STRINGS_H 1
| #define HAVE_INTTYPES_H 1
| #define HAVE_STDINT_H 1
| #define HAVE_UNISTD_H 1
| #define HAVE_DLFCN_H 1
| #define LT_OBJDIR ".libs/"
| #define STDC_HEADERS 1
| #define HAVE_FCNTL_H 1
| #define HAVE_FENV_H 1
| #define HAVE_LIMITS_H 1
| #define HAVE_STDDEF_H 1
| #define HAVE_SYS_TIME_H 1
| #define TIME_WITH_SYS_TIME 1
| #define HAVE_LONG_DOUBLE 1
| #define SIZEOF_INT 4
| #define SIZEOF_UNSIGNED_INT 4
| #define SIZEOF_LONG 8
| #define SIZEOF_UNSIGNED_LONG 8
| #define SIZEOF_LONG_LONG 8
| #define SIZEOF_UNSIGNED_LONG_LONG 8
| #define SIZEOF_SIZE_T 8
| #define SIZEOF_PTRDIFF_T 8
| #define HAVE_PTRDIFF_T 1
| #define HAVE_UINTPTR_T 1
| #define SIZEOF_FLOAT 4
| #define SIZEOF_DOUBLE 8
| #define SIZEOF_FFTW_R2R_KIND 4
| #define HAVE_ALLOCA_H 1
| #define HAVE_ALLOCA 1
| #define HAVE_VPRINTF 1
| /* end confdefs.h.  */
| /* Define _doprnt to an innocuous variant, in case <limits.h> declares _doprnt.
|    For example, HP-UX 11i <limits.h> declares gettimeofday.  */
| #define _doprnt innocuous__doprnt
| 
| /* System header to define __stub macros and hopefully few prototypes,
|     which can conflict with char _doprnt (); below.
|     Prefer <limits.h> to <assert.h> if __STDC__ is defined, since
|     <limits.h> exists even on freestanding compilers.  */
| 
| #ifdef __STDC__
| # include <limits.h>
| #else
| # include <assert.h>
| #endif
| 
| #undef _doprnt
| 
| /* Override any GCC internal prototype to avoid an error.
|    Use char because int might match the return type of a GCC
|    builtin and then its argument prototype would still apply.  */
| #ifdef __cplusplus
| extern "C"
| #endif
| char _doprnt ();
| /* The GNU C library defines this for functions which it implements
|     to always fail with ENOSYS.  Some functions are actually named
|     something starting with __ and the normal name is an alias.  */
| #if defined __stub__doprnt || defined __stub____doprnt
| choke me
| #endif
| 
| int
| main ()
| {
| return _doprnt ();
|   ;
|   return 0;
| }
configure:17005: result: no
configure:17016: checking for sin in -lm
configure:17041: gcc -o conftest -O3 -fomit-frame-pointer -mtune=native -fstrict-aliasing -ffast-math   conftest.c -lm   >&5
conftest.c:55:6: warning: incompatible redeclaration of library function 'sin' [-Wincompatible-library-redeclaration]
char sin ();
     ^
conftest.c:55:6: note: 'sin' is a builtin with type 'double (double)'
1 warning generated.
configure:17041: $? = 0
configure:17050: result: yes
configure:17155: checking for BSDgettimeofday
configure:17155: gcc -o conftest -O3 -fomit-frame-pointer -mtune=native -fstrict-aliasing -ffast-math   conftest.c -lm  >&5
Undefined symbols for architecture x86_64:
  "_BSDgettimeofday", referenced from:
      _main in conftest-ea4ace.o
ld: symbol(s) not found for architecture x86_64
clang: error: linker command failed with exit code 1 (use -v to see invocation)
configure:17155: $? = 1
configure: failed program was:
| /* confdefs.h */
| #define PACKAGE_NAME "fftw"
| #define PACKAGE_TARNAME "fftw"
| #define PACKAGE_VERSION "3.3.7"
| #define PACKAGE_STRING "fftw 3.3.7"
| #define PACKAGE_BUGREPORT "fftw@fftw.org"
| #define PACKAGE_URL ""
| #define PACKAGE "fftw"
| #define VERSION "3.3.7"
| #define FFTW_ENABLE_ALLOCA 1
| #define STDC_HEADERS 1
| #define HAVE_SYS_TYPES_H 1
| #define HAVE_SYS_STAT_H 1
| #define HAVE_STDLIB_H 1
| #define HAVE_STRING_H 1
| #define HAVE_MEMORY_H 1
| #define HAVE_STRINGS_H 1
| #define HAVE_INTTYPES_H 1
| #define HAVE_STDINT_H 1
| #define HAVE_UNISTD_H 1
| #define HAVE_DLFCN_H 1
| #define LT_OBJDIR ".libs/"
| #define STDC_HEADERS 1
| #define HAVE_FCNTL_H 1
| #define HAVE_FENV_H 1
| #define HAVE_LIMITS_H 1
| #define HAVE_STDDEF_H 1
| #define HAVE_SYS_TIME_H 1
| #define TIME_WITH_SYS_TIME 1
| #define HAVE_LONG_DOUBLE 1
| #define SIZEOF_INT 4
| #define SIZEOF_UNSIGNED_INT 4
| #define SIZEOF_LONG 8
| #define SIZEOF_UNSIGNED_LONG 8
| #define SIZEOF_LONG_LONG 8
| #define SIZEOF_UNSIGNED_LONG_LONG 8
| #define SIZEOF_SIZE_T 8
| #define SIZEOF_PTRDIFF_T 8
| #define HAVE_PTRDIFF_T 1
| #define HAVE_UINTPTR_T 1
| #define SIZEOF_FLOAT 4
| #define SIZEOF_DOUBLE 8
| #define SIZEOF_FFTW_R2R_KIND 4
| #define HAVE_ALLOCA_H 1
| #define HAVE_ALLOCA 1
| #define HAVE_VPRINTF 1
| #define HAVE_LIBM 1
| /* end confdefs.h.  */
| /* Define BSDgettimeofday to an innocuous variant, in case <limits.h> declares BSDgettimeofday.
|    For example, HP-UX 11i <limits.h> declares gettimeofday.  */
| #define BSDgettimeofday innocuous_BSDgettimeofday
| 
| /* System header to define __stub macros and hopefully few prototypes,
|     which can conflict with char BSDgettimeofday (); below.
|     Prefer <limits.h> to <assert.h> if __STDC__ is defined, since
|     <limits.h> exists even on freestanding compilers.  */
| 
| #ifdef __STDC__
| # include <limits.h>
| #else
| # include <assert.h>
| #endif
| 
| #undef BSDgettimeofday
| 
| /* Override any GCC internal prototype to avoid an error.
|    Use char because int might match the return type of a GCC
|    builtin and then its argument prototype would still apply.  */
| #ifdef __cplusplus
| extern "C"
| #endif
| char BSDgettimeofday ();
| /* The GNU C library defines this for functions which it implements
|     to always fail with ENOSYS.  Some functions are actually named
|     something starting with __ and the normal name is an alias.  */
| #if defined __stub_BSDgettimeofday || defined __stub___BSDgettimeofday
| choke me
| #endif
| 
| int
| main ()
| {
| return BSDgettimeofday ();
|   ;
|   return 0;
| }
configure:17155: result: no
configure:17155: checking for gettimeofday
configure:17155: gcc -o conftest -O3 -fomit-frame-pointer -mtune=native -fstrict-aliasing -ffast-math   conftest.c -lm  >&5
configure:17155: $? = 0
configure:17155: result: yes
configure:17155: checking for gethrtime
configure:17155: gcc -o conftest -O3 -fomit-frame-pointer -mtune=native -fstrict-aliasing -ffast-math   conftest.c -lm  >&5
Undefined symbols for architecture x86_64:
  "_gethrtime", referenced from:
      _main in conftest-53a53b.o
ld: symbol(s) not found for architecture x86_64
clang: error: linker command failed with exit code 1 (use -v to see invocation)
configure:17155: $? = 1
configure: failed program was:
| /* confdefs.h */
| #define PACKAGE_NAME "fftw"
| #define PACKAGE_TARNAME "fftw"
| #define PACKAGE_VERSION "3.3.7"
| #define PACKAGE_STRING "fftw 3.3.7"
| #define PACKAGE_BUGREPORT "fftw@fftw.org"
| #define PACKAGE_URL ""
| #define PACKAGE "fftw"
| #define VERSION "3.3.7"
| #define FFTW_ENABLE_ALLOCA 1
| #define STDC_HEADERS 1
| #define HAVE_SYS_TYPES_H 1
| #define HAVE_SYS_STAT_H 1
| #define HAVE_STDLIB_H 1
| #define HAVE_STRING_H 1
| #define HAVE_MEMORY_H 1
| #define HAVE_STRINGS_H 1
| #define HAVE_INTTYPES_H 1
| #define HAVE_STDINT_H 1
| #define HAVE_UNISTD_H 1
| #define HAVE_DLFCN_H 1
| #define LT_OBJDIR ".libs/"
| #define STDC_HEADERS 1
| #define HAVE_FCNTL_H 1
| #define HAVE_FENV_H 1
| #define HAVE_LIMITS_H 1
| #define HAVE_STDDEF_H 1
| #define HAVE_SYS_TIME_H 1
| #define TIME_WITH_SYS_TIME 1
| #define HAVE_LONG_DOUBLE 1
| #define SIZEOF_INT 4
| #define SIZEOF_UNSIGNED_INT 4
| #define SIZEOF_LONG 8
| #define SIZEOF_UNSIGNED_LONG 8
| #define SIZEOF_LONG_LONG 8
| #define SIZEOF_UNSIGNED_LONG_LONG 8
| #define SIZEOF_SIZE_T 8
| #define SIZEOF_PTRDIFF_T 8
| #define HAVE_PTRDIFF_T 1
| #define HAVE_UINTPTR_T 1
| #define SIZEOF_FLOAT 4
| #define SIZEOF_DOUBLE 8
| #define SIZEOF_FFTW_R2R_KIND 4
| #define HAVE_ALLOCA_H 1
| #define HAVE_ALLOCA 1
| #define HAVE_VPRINTF 1
| #define HAVE_LIBM 1
| #define HAVE_GETTIMEOFDAY 1
| /* end confdefs.h.  */
| /* Define gethrtime to an innocuous variant, in case <limits.h> declares gethrtime.
|    For example, HP-UX 11i <limits.h> declares gettimeofday.  */
| #define gethrtime innocuous_gethrtime
| 
| /* System header to define __stub macros and hopefully few prototypes,
|     which can conflict with char gethrtime (); below.
|     Prefer <limits.h> to <assert.h> if __STDC__ is defined, since
|     <limits.h> exists even on freestanding compilers.  */
| 
| #ifdef __STDC__
| # include <limits.h>
| #else
| # include <assert.h>
| #endif
| 
| #undef gethrtime
| 
| /* Override any GCC internal prototype to avoid an error.
|    Use char because int might match the return type of a GCC
|    builtin and then its argument prototype would still apply.  */
| #ifdef __cplusplus
| extern "C"
| #endif
| char gethrtime ();
| /* The GNU C library defines this for functions which it implements
|     to always fail with ENOSYS.  Some functions are actually named
|     something starting with __ and the normal name is an alias.  */
| #if defined __stub_gethrtime || defined __stub___gethrtime
| choke me
| #endif
| 
| int
| main ()
| {
| return gethrtime ();
|   ;
|   return 0;
| }
configure:17155: result: no
configure:17155: checking for read_real_time
configure:17155: gcc -o conftest -O3 -fomit-frame-pointer -mtune=native -fstrict-aliasing -ffast-math   conftest.c -lm  >&5
Undefined symbols for architecture x86_64:
  "_read_real_time", referenced from:
      _main in conftest-7ee40b.o
ld: symbol(s) not found for architecture x86_64
clang: error: linker command failed with exit code 1 (use -v to see invocation)
configure:17155: $? = 1
configure: failed program was:
| /* confdefs.h */
| #define PACKAGE_NAME "fftw"
| #define PACKAGE_TARNAME "fftw"
| #define PACKAGE_VERSION "3.3.7"
| #define PACKAGE_STRING "fftw 3.3.7"
| #define PACKAGE_BUGREPORT "fftw@fftw.org"
| #define PACKAGE_URL ""
| #define PACKAGE "fftw"
| #define VERSION "3.3.7"
| #define FFTW_ENABLE_ALLOCA 1
| #define STDC_HEADERS 1
| #define HAVE_SYS_TYPES_H 1
| #define HAVE_SYS_STAT_H 1
| #define HAVE_STDLIB_H 1
| #define HAVE_STRING_H 1
| #define HAVE_MEMORY_H 1
| #define HAVE_STRINGS_H 1
| #define HAVE_INTTYPES_H 1
| #define HAVE_STDINT_H 1
| #define HAVE_UNISTD_H 1
| #define HAVE_DLFCN_H 1
| #define LT_OBJDIR ".libs/"
| #define STDC_HEADERS 1
| #define HAVE_FCNTL_H 1
| #define HAVE_FENV_H 1
| #define HAVE_LIMITS_H 1
| #define HAVE_STDDEF_H 1
| #define HAVE_SYS_TIME_H 1
| #define TIME_WITH_SYS_TIME 1
| #define HAVE_LONG_DOUBLE 1
| #define SIZEOF_INT 4
| #define SIZEOF_UNSIGNED_INT 4
| #define SIZEOF_LONG 8
| #define SIZEOF_UNSIGNED_LONG 8
| #define SIZEOF_LONG_LONG 8
| #define SIZEOF_UNSIGNED_LONG_LONG 8
| #define SIZEOF_SIZE_T 8
| #define SIZEOF_PTRDIFF_T 8
| #define HAVE_PTRDIFF_T 1
| #define HAVE_UINTPTR_T 1
| #define SIZEOF_FLOAT 4
| #define SIZEOF_DOUBLE 8
| #define SIZEOF_FFTW_R2R_KIND 4
| #define HAVE_ALLOCA_H 1
| #define HAVE_ALLOCA 1
| #define HAVE_VPRINTF 1
| #define HAVE_LIBM 1
| #define HAVE_GETTIMEOFDAY 1
| /* end confdefs.h.  */
| /* Define read_real_time to an innocuous variant, in case <limits.h> declares read_real_time.
|    For example, HP-UX 11i <limits.h> declares gettimeofday.  */
| #define read_real_time innocuous_read_real_time
| 
| /* System header to define __stub macros and hopefully few prototypes,
|     which can conflict with char read_real_time (); below.
|     Prefer <limits.h> to <assert.h> if __STDC__ is defined, since
|     <limits.h> exists even on freestanding compilers.  */
| 
| #ifdef __STDC__
| # include <limits.h>
| #else
| # include <assert.h>
| #endif
| 
| #undef read_real_time
| 
| /* Override any GCC internal prototype to avoid an error.
|    Use char because int might match the return type of a GCC
|    builtin and then its argument prototype would still apply.  */
| #ifdef __cplusplus
| extern "C"
| #endif
| char read_real_time ();
| /* The GNU C library defines this for functions which it implements
|     to always fail with ENOSYS.  Some functions are actually named
|     something starting with __ and the normal name is an alias.  */
| #if defined __stub_read_real_time || defined __stub___read_real_time
| choke me
| #endif
| 
| int
| main ()
| {
| return read_real_time ();
|   ;
|   return 0;
| }
configure:17155: result: no
configure:17155: checking for time_base_to_time
configure:17155: gcc -o conftest -O3 -fomit-frame-pointer -mtune=native -fstrict-aliasing -ffast-math   conftest.c -lm  >&5
Undefined symbols for architecture x86_64:
  "_time_base_to_time", referenced from:
      _main in conftest-efc140.o
ld: symbol(s) not found for architecture x86_64
clang: error: linker command failed with exit code 1 (use -v to see invocation)
configure:17155: $? = 1
configure: failed program was:
| /* confdefs.h */
| #define PACKAGE_NAME "fftw"
| #define PACKAGE_TARNAME "fftw"
| #define PACKAGE_VERSION "3.3.7"
| #define PACKAGE_STRING "fftw 3.3.7"
| #define PACKAGE_BUGREPORT "fftw@fftw.org"
| #define PACKAGE_URL ""
| #define PACKAGE "fftw"
| #define VERSION "3.3.7"
| #define FFTW_ENABLE_ALLOCA 1
| #define STDC_HEADERS 1
| #define HAVE_SYS_TYPES_H 1
| #define HAVE_SYS_STAT_H 1
| #define HAVE_STDLIB_H 1
| #define HAVE_STRING_H 1
| #define HAVE_MEMORY_H 1
| #define HAVE_STRINGS_H 1
| #define HAVE_INTTYPES_H 1
| #define HAVE_STDINT_H 1
| #define HAVE_UNISTD_H 1
| #define HAVE_DLFCN_H 1
| #define LT_OBJDIR ".libs/"
| #define STDC_HEADERS 1
| #define HAVE_FCNTL_H 1
| #define HAVE_FENV_H 1
| #define HAVE_LIMITS_H 1
| #define HAVE_STDDEF_H 1
| #define HAVE_SYS_TIME_H 1
| #define TIME_WITH_SYS_TIME 1
| #define HAVE_LONG_DOUBLE 1
| #define SIZEOF_INT 4
| #define SIZEOF_UNSIGNED_INT 4
| #define SIZEOF_LONG 8
| #define SIZEOF_UNSIGNED_LONG 8
| #define SIZEOF_LONG_LONG 8
| #define SIZEOF_UNSIGNED_LONG_LONG 8
| #define SIZEOF_SIZE_T 8
| #define SIZEOF_PTRDIFF_T 8
| #define HAVE_PTRDIFF_T 1
| #define HAVE_UINTPTR_T 1
| #define SIZEOF_FLOAT 4
| #define SIZEOF_DOUBLE 8
| #define SIZEOF_FFTW_R2R_KIND 4
| #define HAVE_ALLOCA_H 1
| #define HAVE_ALLOCA 1
| #define HAVE_VPRINTF 1
| #define HAVE_LIBM 1
| #define HAVE_GETTIMEOFDAY 1
| /* end confdefs.h.  */
| /* Define time_base_to_time to an innocuous variant, in case <limits.h> declares time_base_to_time.
|    For example, HP-UX 11i <limits.h> declares gettimeofday.  */
| #define time_base_to_time innocuous_time_base_to_time
| 
| /* System header to define __stub macros and hopefully few prototypes,
|     which can conflict with char time_base_to_time (); below.
|     Prefer <limits.h> to <assert.h> if __STDC__ is defined, since
|     <limits.h> exists even on freestanding compilers.  */
| 
| #ifdef __STDC__
| # include <limits.h>
| #else
| # include <assert.h>
| #endif
| 
| #undef time_base_to_time
| 
| /* Override any GCC internal prototype to avoid an error.
|    Use char because int might match the return type of a GCC
|    builtin and then its argument prototype would still apply.  */
| #ifdef __cplusplus
| extern "C"
| #endif
| char time_base_to_time ();
| /* The GNU C library defines this for functions which it implements
|     to always fail with ENOSYS.  Some functions are actually named
|     something starting with __ and the normal name is an alias.  */
| #if defined __stub_time_base_to_time || defined __stub___time_base_to_time
| choke me
| #endif
| 
| int
| main ()
| {
| return time_base_to_time ();
|   ;
|   return 0;
| }
configure:17155: result: no
configure:17155: checking for drand48
configure:17155: gcc -o conftest -O3 -fomit-frame-pointer -mtune=native -fstrict-aliasing -ffast-math   conftest.c -lm  >&5
configure:17155: $? = 0
configure:17155: result: yes
configure:17155: checking for sqrt
configure:17155: gcc -o conftest -O3 -fomit-frame-pointer -mtune=native -fstrict-aliasing -ffast-math   conftest.c -lm  >&5
conftest.c:74:6: warning: incompatible redeclaration of library function 'sqrt' [-Wincompatible-library-redeclaration]
char sqrt ();
     ^
conftest.c:74:6: note: 'sqrt' is a builtin with type 'double (double)'
1 warning generated.
configure:17155: $? = 0
configure:17155: result: yes
configure:17155: checking for memset
configure:17155: gcc -o conftest -O3 -fomit-frame-pointer -mtune=native -fstrict-aliasing -ffast-math   conftest.c -lm  >&5
conftest.c:75:6: warning: incompatible redeclaration of library function 'memset' [-Wincompatible-library-redeclaration]
char memset ();
     ^
conftest.c:75:6: note: 'memset' is a builtin with type 'void *(void *, int, unsigned long)'
1 warning generated.
configure:17155: $? = 0
configure:17155: result: yes
configure:17155: checking for posix_memalign
configure:17155: gcc -o conftest -O3 -fomit-frame-pointer -mtune=native -fstrict-aliasing -ffast-math   conftest.c -lm  >&5
configure:17155: $? = 0
configure:17155: result: yes
configure:17155: checking for memalign
configure:17155: gcc -o conftest -O3 -fomit-frame-pointer -mtune=native -fstrict-aliasing -ffast-math   conftest.c -lm  >&5
Undefined symbols for architecture x86_64:
  "_memalign", referenced from:
      _main in conftest-665c96.o
ld: symbol(s) not found for architecture x86_64
clang: error: linker command failed with exit code 1 (use -v to see invocation)
configure:17155: $? = 1
configure: failed program was:
| /* confdefs.h */
| #define PACKAGE_NAME "fftw"
| #define PACKAGE_TARNAME "fftw"
| #define PACKAGE_VERSION "3.3.7"
| #define PACKAGE_STRING "fftw 3.3.7"
| #define PACKAGE_BUGREPORT "fftw@fftw.org"
| #define PACKAGE_URL ""
| #define PACKAGE "fftw"
| #define VERSION "3.3.7"
| #define FFTW_ENABLE_ALLOCA 1
| #define STDC_HEADERS 1
| #define HAVE_SYS_TYPES_H 1
| #define HAVE_SYS_STAT_H 1
| #define HAVE_STDLIB_H 1
| #define HAVE_STRING_H 1
| #define HAVE_MEMORY_H 1
| #define HAVE_STRINGS_H 1
| #define HAVE_INTTYPES_H 1
| #define HAVE_STDINT_H 1
| #define HAVE_UNISTD_H 1
| #define HAVE_DLFCN_H 1
| #define LT_OBJDIR ".libs/"
| #define STDC_HEADERS 1
| #define HAVE_FCNTL_H 1
| #define HAVE_FENV_H 1
| #define HAVE_LIMITS_H 1
| #define HAVE_STDDEF_H 1
| #define HAVE_SYS_TIME_H 1
| #define TIME_WITH_SYS_TIME 1
| #define HAVE_LONG_DOUBLE 1
| #define SIZEOF_INT 4
| #define SIZEOF_UNSIGNED_INT 4
| #define SIZEOF_LONG 8
| #define SIZEOF_UNSIGNED_LONG 8
| #define SIZEOF_LONG_LONG 8
| #define SIZEOF_UNSIGNED_LONG_LONG 8
| #define SIZEOF_SIZE_T 8
| #define SIZEOF_PTRDIFF_T 8
| #define HAVE_PTRDIFF_T 1
| #define HAVE_UINTPTR_T 1
| #define SIZEOF_FLOAT 4
| #define SIZEOF_DOUBLE 8
| #define SIZEOF_FFTW_R2R_KIND 4
| #define HAVE_ALLOCA_H 1
| #define HAVE_ALLOCA 1
| #define HAVE_VPRINTF 1
| #define HAVE_LIBM 1
| #define HAVE_GETTIMEOFDAY 1
| #define HAVE_DRAND48 1
| #define HAVE_SQRT 1
| #define HAVE_MEMSET 1
| #define HAVE_POSIX_MEMALIGN 1
| /* end confdefs.h.  */
| /* Define memalign to an innocuous variant, in case <limits.h> declares memalign.
|    For example, HP-UX 11i <limits.h> declares gettimeofday.  */
| #define memalign innocuous_memalign
| 
| /* System header to define __stub macros and hopefully few prototypes,
|     which can conflict with char memalign (); below.
|     Prefer <limits.h> to <assert.h> if __STDC__ is defined, since
|     <limits.h> exists even on freestanding compilers.  */
| 
| #ifdef __STDC__
| # include <limits.h>
| #else
| # include <assert.h>
| #endif
| 
| #undef memalign
| 
| /* Override any GCC internal prototype to avoid an error.
|    Use char because int might match the return type of a GCC
|    builtin and then its argument prototype would still apply.  */
| #ifdef __cplusplus
| extern "C"
| #endif
| char memalign ();
| /* The GNU C library defines this for functions which it implements
|     to always fail with ENOSYS.  Some functions are actually named
|     something starting with __ and the normal name is an alias.  */
| #if defined __stub_memalign || defined __stub___memalign
| choke me
| #endif
| 
| int
| main ()
| {
| return memalign ();
|   ;
|   return 0;
| }
configure:17155: result: no
configure:17155: checking for _mm_malloc
configure:17155: gcc -o conftest -O3 -fomit-frame-pointer -mtune=native -fstrict-aliasing -ffast-math   conftest.c -lm  >&5
Undefined symbols for architecture x86_64:
  "__mm_malloc", referenced from:
      _main in conftest-ac22e9.o
ld: symbol(s) not found for architecture x86_64
clang: error: linker command failed with exit code 1 (use -v to see invocation)
configure:17155: $? = 1
configure: failed program was:
| /* confdefs.h */
| #define PACKAGE_NAME "fftw"
| #define PACKAGE_TARNAME "fftw"
| #define PACKAGE_VERSION "3.3.7"
| #define PACKAGE_STRING "fftw 3.3.7"
| #define PACKAGE_BUGREPORT "fftw@fftw.org"
| #define PACKAGE_URL ""
| #define PACKAGE "fftw"
| #define VERSION "3.3.7"
| #define FFTW_ENABLE_ALLOCA 1
| #define STDC_HEADERS 1
| #define HAVE_SYS_TYPES_H 1
| #define HAVE_SYS_STAT_H 1
| #define HAVE_STDLIB_H 1
| #define HAVE_STRING_H 1
| #define HAVE_MEMORY_H 1
| #define HAVE_STRINGS_H 1
| #define HAVE_INTTYPES_H 1
| #define HAVE_STDINT_H 1
| #define HAVE_UNISTD_H 1
| #define HAVE_DLFCN_H 1
| #define LT_OBJDIR ".libs/"
| #define STDC_HEADERS 1
| #define HAVE_FCNTL_H 1
| #define HAVE_FENV_H 1
| #define HAVE_LIMITS_H 1
| #define HAVE_STDDEF_H 1
| #define HAVE_SYS_TIME_H 1
| #define TIME_WITH_SYS_TIME 1
| #define HAVE_LONG_DOUBLE 1
| #define SIZEOF_INT 4
| #define SIZEOF_UNSIGNED_INT 4
| #define SIZEOF_LONG 8
| #define SIZEOF_UNSIGNED_LONG 8
| #define SIZEOF_LONG_LONG 8
| #define SIZEOF_UNSIGNED_LONG_LONG 8
| #define SIZEOF_SIZE_T 8
| #define SIZEOF_PTRDIFF_T 8
| #define HAVE_PTRDIFF_T 1
| #define HAVE_UINTPTR_T 1
| #define SIZEOF_FLOAT 4
| #define SIZEOF_DOUBLE 8
| #define SIZEOF_FFTW_R2R_KIND 4
| #define HAVE_ALLOCA_H 1
| #define HAVE_ALLOCA 1
| #define HAVE_VPRINTF 1
| #define HAVE_LIBM 1
| #define HAVE_GETTIMEOFDAY 1
| #define HAVE_DRAND48 1
| #define HAVE_SQRT 1
| #define HAVE_MEMSET 1
| #define HAVE_POSIX_MEMALIGN 1
| /* end confdefs.h.  */
| /* Define _mm_malloc to an innocuous variant, in case <limits.h> declares _mm_malloc.
|    For example, HP-UX 11i <limits.h> declares gettimeofday.  */
| #define _mm_malloc innocuous__mm_malloc
| 
| /* System header to define __stub macros and hopefully few prototypes,
|     which can conflict with char _mm_malloc (); below.
|     Prefer <limits.h> to <assert.h> if __STDC__ is defined, since
|     <limits.h> exists even on freestanding compilers.  */
| 
| #ifdef __STDC__
| # include <limits.h>
| #else
| # include <assert.h>
| #endif
| 
| #undef _mm_malloc
| 
| /* Override any GCC internal prototype to avoid an error.
|    Use char because int might match the return type of a GCC
|    builtin and then its argument prototype would still apply.  */
| #ifdef __cplusplus
| extern "C"
| #endif
| char _mm_malloc ();
| /* The GNU C library defines this for functions which it implements
|     to always fail with ENOSYS.  Some functions are actually named
|     something starting with __ and the normal name is an alias.  */
| #if defined __stub__mm_malloc || defined __stub____mm_malloc
| choke me
| #endif
| 
| int
| main ()
| {
| return _mm_malloc ();
|   ;
|   return 0;
| }
configure:17155: result: no
configure:17155: checking for _mm_free
configure:17155: gcc -o conftest -O3 -fomit-frame-pointer -mtune=native -fstrict-aliasing -ffast-math   conftest.c -lm  >&5
Undefined symbols for architecture x86_64:
  "__mm_free", referenced from:
      _main in conftest-e4e940.o
ld: symbol(s) not found for architecture x86_64
clang: error: linker command failed with exit code 1 (use -v to see invocation)
configure:17155: $? = 1
configure: failed program was:
| /* confdefs.h */
| #define PACKAGE_NAME "fftw"
| #define PACKAGE_TARNAME "fftw"
| #define PACKAGE_VERSION "3.3.7"
| #define PACKAGE_STRING "fftw 3.3.7"
| #define PACKAGE_BUGREPORT "fftw@fftw.org"
| #define PACKAGE_URL ""
| #define PACKAGE "fftw"
| #define VERSION "3.3.7"
| #define FFTW_ENABLE_ALLOCA 1
| #define STDC_HEADERS 1
| #define HAVE_SYS_TYPES_H 1
| #define HAVE_SYS_STAT_H 1
| #define HAVE_STDLIB_H 1
| #define HAVE_STRING_H 1
| #define HAVE_MEMORY_H 1
| #define HAVE_STRINGS_H 1
| #define HAVE_INTTYPES_H 1
| #define HAVE_STDINT_H 1
| #define HAVE_UNISTD_H 1
| #define HAVE_DLFCN_H 1
| #define LT_OBJDIR ".libs/"
| #define STDC_HEADERS 1
| #define HAVE_FCNTL_H 1
| #define HAVE_FENV_H 1
| #define HAVE_LIMITS_H 1
| #define HAVE_STDDEF_H 1
| #define HAVE_SYS_TIME_H 1
| #define TIME_WITH_SYS_TIME 1
| #define HAVE_LONG_DOUBLE 1
| #define SIZEOF_INT 4
| #define SIZEOF_UNSIGNED_INT 4
| #define SIZEOF_LONG 8
| #define SIZEOF_UNSIGNED_LONG 8
| #define SIZEOF_LONG_LONG 8
| #define SIZEOF_UNSIGNED_LONG_LONG 8
| #define SIZEOF_SIZE_T 8
| #define SIZEOF_PTRDIFF_T 8
| #define HAVE_PTRDIFF_T 1
| #define HAVE_UINTPTR_T 1
| #define SIZEOF_FLOAT 4
| #define SIZEOF_DOUBLE 8
| #define SIZEOF_FFTW_R2R_KIND 4
| #define HAVE_ALLOCA_H 1
| #define HAVE_ALLOCA 1
| #define HAVE_VPRINTF 1
| #define HAVE_LIBM 1
| #define HAVE_GETTIMEOFDAY 1
| #define HAVE_DRAND48 1
| #define HAVE_SQRT 1
| #define HAVE_MEMSET 1
| #define HAVE_POSIX_MEMALIGN 1
| /* end confdefs.h.  */
| /* Define _mm_free to an innocuous variant, in case <limits.h> declares _mm_free.
|    For example, HP-UX 11i <limits.h> declares gettimeofday.  */
| #define _mm_free innocuous__mm_free
| 
| /* System header to define __stub macros and hopefully few prototypes,
|     which can conflict with char _mm_free (); below.
|     Prefer <limits.h> to <assert.h> if __STDC__ is defined, since
|     <limits.h> exists even on freestanding compilers.  */
| 
| #ifdef __STDC__
| # include <limits.h>
| #else
| # include <assert.h>
| #endif
| 
| #undef _mm_free
| 
| /* Override any GCC internal prototype to avoid an error.
|    Use char because int might match the return type of a GCC
|    builtin and then its argument prototype would still apply.  */
| #ifdef __cplusplus
| extern "C"
| #endif
| char _mm_free ();
| /* The GNU C library defines this for functions which it implements
|     to always fail with ENOSYS.  Some functions are actually named
|     something starting with __ and the normal name is an alias.  */
| #if defined __stub__mm_free || defined __stub____mm_free
| choke me
| #endif
| 
| int
| main ()
| {
| return _mm_free ();
|   ;
|   return 0;
| }
configure:17155: result: no
configure:17155: checking for clock_gettime
configure:17155: gcc -o conftest -O3 -fomit-frame-pointer -mtune=native -fstrict-aliasing -ffast-math   conftest.c -lm  >&5
configure:17155: $? = 0
configure:17155: result: yes
configure:17155: checking for mach_absolute_time
configure:17155: gcc -o conftest -O3 -fomit-frame-pointer -mtune=native -fstrict-aliasing -ffast-math   conftest.c -lm  >&5
configure:17155: $? = 0
configure:17155: result: yes
configure:17155: checking for sysctl
configure:17155: gcc -o conftest -O3 -fomit-frame-pointer -mtune=native -fstrict-aliasing -ffast-math   conftest.c -lm  >&5
configure:17155: $? = 0
configure:17155: result: yes
configure:17155: checking for abort
configure:17155: gcc -o conftest -O3 -fomit-frame-pointer -mtune=native -fstrict-aliasing -ffast-math   conftest.c -lm  >&5
conftest.c:80:6: warning: incompatible redeclaration of library function 'abort' [-Wincompatible-library-redeclaration]
char abort ();
     ^
conftest.c:80:6: note: 'abort' is a builtin with type 'void (void) __attribute__((noreturn))'
1 warning generated.
configure:17155: $? = 0
configure:17155: result: yes
configure:17155: checking for sinl
configure:17155: gcc -o conftest -O3 -fomit-frame-pointer -mtune=native -fstrict-aliasing -ffast-math   conftest.c -lm  >&5
conftest.c:81:6: warning: incompatible redeclaration of library function 'sinl' [-Wincompatible-library-redeclaration]
char sinl ();
     ^
conftest.c:81:6: note: 'sinl' is a builtin with type 'long double (long double)'
1 warning generated.
configure:17155: $? = 0
configure:17155: result: yes
configure:17155: checking for cosl
configure:17155: gcc -o conftest -O3 -fomit-frame-pointer -mtune=native -fstrict-aliasing -ffast-math   conftest.c -lm  >&5
conftest.c:82:6: warning: incompatible redeclaration of library function 'cosl' [-Wincompatible-library-redeclaration]
char cosl ();
     ^
conftest.c:82:6: note: 'cosl' is a builtin with type 'long double (long double)'
1 warning generated.
configure:17155: $? = 0
configure:17155: result: yes
configure:17155: checking for snprintf
configure:17155: gcc -o conftest -O3 -fomit-frame-pointer -mtune=native -fstrict-aliasing -ffast-math   conftest.c -lm  >&5
conftest.c:83:6: warning: incompatible redeclaration of library function 'snprintf' [-Wincompatible-library-redeclaration]
char snprintf ();
     ^
conftest.c:83:6: note: 'snprintf' is a builtin with type 'int (char *, unsigned long, const char *, ...)'
1 warning generated.
configure:17155: $? = 0
configure:17155: result: yes
configure:17155: checking for memmove
configure:17155: gcc -o conftest -O3 -fomit-frame-pointer -mtune=native -fstrict-aliasing -ffast-math   conftest.c -lm  >&5
conftest.c:84:6: warning: incompatible redeclaration of library function 'memmove' [-Wincompatible-library-redeclaration]
char memmove ();
     ^
conftest.c:84:6: note: 'memmove' is a builtin with type 'void *(void *, const void *, unsigned long)'
1 warning generated.
configure:17155: $? = 0
configure:17155: result: yes
configure:17155: checking for strchr
configure:17155: gcc -o conftest -O3 -fomit-frame-pointer -mtune=native -fstrict-aliasing -ffast-math   conftest.c -lm  >&5
conftest.c:85:6: warning: incompatible redeclaration of library function 'strchr' [-Wincompatible-library-redeclaration]
char strchr ();
     ^
conftest.c:85:6: note: 'strchr' is a builtin with type 'char *(const char *, int)'
1 warning generated.
configure:17155: $? = 0
configure:17155: result: yes
configure:17155: checking for getpagesize
configure:17155: gcc -o conftest -O3 -fomit-frame-pointer -mtune=native -fstrict-aliasing -ffast-math   conftest.c -lm  >&5
configure:17155: $? = 0
configure:17155: result: yes
configure:17164: checking whether sinl is declared
configure:17164: gcc -c -O3 -fomit-frame-pointer -mtune=native -fstrict-aliasing -ffast-math  conftest.c >&5
configure:17164: $? = 0
configure:17164: result: yes
configure:17175: checking whether cosl is declared
configure:17175: gcc -c -O3 -fomit-frame-pointer -mtune=native -fstrict-aliasing -ffast-math  conftest.c >&5
configure:17175: $? = 0
configure:17175: result: yes
configure:17186: checking whether sinq is declared
configure:17186: gcc -c -O3 -fomit-frame-pointer -mtune=native -fstrict-aliasing -ffast-math  conftest.c >&5
conftest.c:75:10: error: use of undeclared identifier 'sinq'; did you mean 'int'?
  (void) sinq;
         ^~~~
         int
conftest.c:75:10: error: expected expression
2 errors generated.
configure:17186: $? = 1
configure: failed program was:
| /* confdefs.h */
| #define PACKAGE_NAME "fftw"
| #define PACKAGE_TARNAME "fftw"
| #define PACKAGE_VERSION "3.3.7"
| #define PACKAGE_STRING "fftw 3.3.7"
| #define PACKAGE_BUGREPORT "fftw@fftw.org"
| #define PACKAGE_URL ""
| #define PACKAGE "fftw"
| #define VERSION "3.3.7"
| #define FFTW_ENABLE_ALLOCA 1
| #define STDC_HEADERS 1
| #define HAVE_SYS_TYPES_H 1
| #define HAVE_SYS_STAT_H 1
| #define HAVE_STDLIB_H 1
| #define HAVE_STRING_H 1
| #define HAVE_MEMORY_H 1
| #define HAVE_STRINGS_H 1
| #define HAVE_INTTYPES_H 1
| #define HAVE_STDINT_H 1
| #define HAVE_UNISTD_H 1
| #define HAVE_DLFCN_H 1
| #define LT_OBJDIR ".libs/"
| #define STDC_HEADERS 1
| #define HAVE_FCNTL_H 1
| #define HAVE_FENV_H 1
| #define HAVE_LIMITS_H 1
| #define HAVE_STDDEF_H 1
| #define HAVE_SYS_TIME_H 1
| #define TIME_WITH_SYS_TIME 1
| #define HAVE_LONG_DOUBLE 1
| #define SIZEOF_INT 4
| #define SIZEOF_UNSIGNED_INT 4
| #define SIZEOF_LONG 8
| #define SIZEOF_UNSIGNED_LONG 8
| #define SIZEOF_LONG_LONG 8
| #define SIZEOF_UNSIGNED_LONG_LONG 8
| #define SIZEOF_SIZE_T 8
| #define SIZEOF_PTRDIFF_T 8
| #define HAVE_PTRDIFF_T 1
| #define HAVE_UINTPTR_T 1
| #define SIZEOF_FLOAT 4
| #define SIZEOF_DOUBLE 8
| #define SIZEOF_FFTW_R2R_KIND 4
| #define HAVE_ALLOCA_H 1
| #define HAVE_ALLOCA 1
| #define HAVE_VPRINTF 1
| #define HAVE_LIBM 1
| #define HAVE_GETTIMEOFDAY 1
| #define HAVE_DRAND48 1
| #define HAVE_SQRT 1
| #define HAVE_MEMSET 1
| #define HAVE_POSIX_MEMALIGN 1
| #define HAVE_CLOCK_GETTIME 1
| #define HAVE_MACH_ABSOLUTE_TIME 1
| #define HAVE_SYSCTL 1
| #define HAVE_ABORT 1
| #define HAVE_SINL 1
| #define HAVE_COSL 1
| #define HAVE_SNPRINTF 1
| #define HAVE_MEMMOVE 1
| #define HAVE_STRCHR 1
| #define HAVE_GETPAGESIZE 1
| #define HAVE_DECL_SINL 1
| #define HAVE_DECL_COSL 1
| /* end confdefs.h.  */
| #include <math.h>
| 
| int
| main ()
| {
| #ifndef sinq
| #ifdef __cplusplus
|   (void) sinq;
| #else
|   (void) sinq;
| #endif
| #endif
| 
|   ;
|   return 0;
| }
configure:17186: result: no
configure:17197: checking whether cosq is declared
configure:17197: gcc -c -O3 -fomit-frame-pointer -mtune=native -fstrict-aliasing -ffast-math  conftest.c >&5
conftest.c:76:10: error: use of undeclared identifier 'cosq'; did you mean 'const'?
  (void) cosq;
         ^~~~
         const
conftest.c:76:10: error: expected expression
2 errors generated.
configure:17197: $? = 1
configure: failed program was:
| /* confdefs.h */
| #define PACKAGE_NAME "fftw"
| #define PACKAGE_TARNAME "fftw"
| #define PACKAGE_VERSION "3.3.7"
| #define PACKAGE_STRING "fftw 3.3.7"
| #define PACKAGE_BUGREPORT "fftw@fftw.org"
| #define PACKAGE_URL ""
| #define PACKAGE "fftw"
| #define VERSION "3.3.7"
| #define FFTW_ENABLE_ALLOCA 1
| #define STDC_HEADERS 1
| #define HAVE_SYS_TYPES_H 1
| #define HAVE_SYS_STAT_H 1
| #define HAVE_STDLIB_H 1
| #define HAVE_STRING_H 1
| #define HAVE_MEMORY_H 1
| #define HAVE_STRINGS_H 1
| #define HAVE_INTTYPES_H 1
| #define HAVE_STDINT_H 1
| #define HAVE_UNISTD_H 1
| #define HAVE_DLFCN_H 1
| #define LT_OBJDIR ".libs/"
| #define STDC_HEADERS 1
| #define HAVE_FCNTL_H 1
| #define HAVE_FENV_H 1
| #define HAVE_LIMITS_H 1
| #define HAVE_STDDEF_H 1
| #define HAVE_SYS_TIME_H 1
| #define TIME_WITH_SYS_TIME 1
| #define HAVE_LONG_DOUBLE 1
| #define SIZEOF_INT 4
| #define SIZEOF_UNSIGNED_INT 4
| #define SIZEOF_LONG 8
| #define SIZEOF_UNSIGNED_LONG 8
| #define SIZEOF_LONG_LONG 8
| #define SIZEOF_UNSIGNED_LONG_LONG 8
| #define SIZEOF_SIZE_T 8
| #define SIZEOF_PTRDIFF_T 8
| #define HAVE_PTRDIFF_T 1
| #define HAVE_UINTPTR_T 1
| #define SIZEOF_FLOAT 4
| #define SIZEOF_DOUBLE 8
| #define SIZEOF_FFTW_R2R_KIND 4
| #define HAVE_ALLOCA_H 1
| #define HAVE_ALLOCA 1
| #define HAVE_VPRINTF 1
| #define HAVE_LIBM 1
| #define HAVE_GETTIMEOFDAY 1
| #define HAVE_DRAND48 1
| #define HAVE_SQRT 1
| #define HAVE_MEMSET 1
| #define HAVE_POSIX_MEMALIGN 1
| #define HAVE_CLOCK_GETTIME 1
| #define HAVE_MACH_ABSOLUTE_TIME 1
| #define HAVE_SYSCTL 1
| #define HAVE_ABORT 1
| #define HAVE_SINL 1
| #define HAVE_COSL 1
| #define HAVE_SNPRINTF 1
| #define HAVE_MEMMOVE 1
| #define HAVE_STRCHR 1
| #define HAVE_GETPAGESIZE 1
| #define HAVE_DECL_SINL 1
| #define HAVE_DECL_COSL 1
| #define HAVE_DECL_SINQ 0
| /* end confdefs.h.  */
| #include <math.h>
| 
| int
| main ()
| {
| #ifndef cosq
| #ifdef __cplusplus
|   (void) cosq;
| #else
|   (void) cosq;
| #endif
| #endif
| 
|   ;
|   return 0;
| }
configure:17197: result: no
configure:17209: checking whether memalign is declared
configure:17209: gcc -c -O3 -fomit-frame-pointer -mtune=native -fstrict-aliasing -ffast-math  conftest.c >&5
conftest.c:80:10: error: use of undeclared identifier 'memalign'
  (void) memalign;
         ^
1 error generated.
configure:17209: $? = 1
configure: failed program was:
| /* confdefs.h */
| #define PACKAGE_NAME "fftw"
| #define PACKAGE_TARNAME "fftw"
| #define PACKAGE_VERSION "3.3.7"
| #define PACKAGE_STRING "fftw 3.3.7"
| #define PACKAGE_BUGREPORT "fftw@fftw.org"
| #define PACKAGE_URL ""
| #define PACKAGE "fftw"
| #define VERSION "3.3.7"
| #define FFTW_ENABLE_ALLOCA 1
| #define STDC_HEADERS 1
| #define HAVE_SYS_TYPES_H 1
| #define HAVE_SYS_STAT_H 1
| #define HAVE_STDLIB_H 1
| #define HAVE_STRING_H 1
| #define HAVE_MEMORY_H 1
| #define HAVE_STRINGS_H 1
| #define HAVE_INTTYPES_H 1
| #define HAVE_STDINT_H 1
| #define HAVE_UNISTD_H 1
| #define HAVE_DLFCN_H 1
| #define LT_OBJDIR ".libs/"
| #define STDC_HEADERS 1
| #define HAVE_FCNTL_H 1
| #define HAVE_FENV_H 1
| #define HAVE_LIMITS_H 1
| #define HAVE_STDDEF_H 1
| #define HAVE_SYS_TIME_H 1
| #define TIME_WITH_SYS_TIME 1
| #define HAVE_LONG_DOUBLE 1
| #define SIZEOF_INT 4
| #define SIZEOF_UNSIGNED_INT 4
| #define SIZEOF_LONG 8
| #define SIZEOF_UNSIGNED_LONG 8
| #define SIZEOF_LONG_LONG 8
| #define SIZEOF_UNSIGNED_LONG_LONG 8
| #define SIZEOF_SIZE_T 8
| #define SIZEOF_PTRDIFF_T 8
| #define HAVE_PTRDIFF_T 1
| #define HAVE_UINTPTR_T 1
| #define SIZEOF_FLOAT 4
| #define SIZEOF_DOUBLE 8
| #define SIZEOF_FFTW_R2R_KIND 4
| #define HAVE_ALLOCA_H 1
| #define HAVE_ALLOCA 1
| #define HAVE_VPRINTF 1
| #define HAVE_LIBM 1
| #define HAVE_GETTIMEOFDAY 1
| #define HAVE_DRAND48 1
| #define HAVE_SQRT 1
| #define HAVE_MEMSET 1
| #define HAVE_POSIX_MEMALIGN 1
| #define HAVE_CLOCK_GETTIME 1
| #define HAVE_MACH_ABSOLUTE_TIME 1
| #define HAVE_SYSCTL 1
| #define HAVE_ABORT 1
| #define HAVE_SINL 1
| #define HAVE_COSL 1
| #define HAVE_SNPRINTF 1
| #define HAVE_MEMMOVE 1
| #define HAVE_STRCHR 1
| #define HAVE_GETPAGESIZE 1
| #define HAVE_DECL_SINL 1
| #define HAVE_DECL_COSL 1
| #define HAVE_DECL_SINQ 0
| #define HAVE_DECL_COSQ 0
| /* end confdefs.h.  */
| 
| #ifdef HAVE_MALLOC_H
| #include <malloc.h>
| #endif
| 
| int
| main ()
| {
| #ifndef memalign
| #ifdef __cplusplus
|   (void) memalign;
| #else
|   (void) memalign;
| #endif
| #endif
| 
|   ;
|   return 0;
| }
configure:17209: result: no
configure:17224: checking whether drand48 is declared
configure:17224: gcc -c -O3 -fomit-frame-pointer -mtune=native -fstrict-aliasing -ffast-math  conftest.c >&5
configure:17224: $? = 0
configure:17224: result: yes
configure:17234: checking whether srand48 is declared
configure:17234: gcc -c -O3 -fomit-frame-pointer -mtune=native -fstrict-aliasing -ffast-math  conftest.c >&5
configure:17234: $? = 0
configure:17234: result: yes
configure:17244: checking whether posix_memalign is declared
configure:17244: gcc -c -O3 -fomit-frame-pointer -mtune=native -fstrict-aliasing -ffast-math  conftest.c >&5
configure:17244: $? = 0
configure:17244: result: yes
configure:17255: checking for _rtc intrinsic
configure:17271: gcc -o conftest -O3 -fomit-frame-pointer -mtune=native -fstrict-aliasing -ffast-math   conftest.c -lm  >&5
conftest.c:78:1: warning: implicit declaration of function '_rtc' is invalid in C99 [-Wimplicit-function-declaration]
_rtc()
^
1 warning generated.
Undefined symbols for architecture x86_64:
  "__rtc", referenced from:
      _main in conftest-41802a.o
ld: symbol(s) not found for architecture x86_64
clang: error: linker command failed with exit code 1 (use -v to see invocation)
configure:17271: $? = 1
configure: failed program was:
| /* confdefs.h */
| #define PACKAGE_NAME "fftw"
| #define PACKAGE_TARNAME "fftw"
| #define PACKAGE_VERSION "3.3.7"
| #define PACKAGE_STRING "fftw 3.3.7"
| #define PACKAGE_BUGREPORT "fftw@fftw.org"
| #define PACKAGE_URL ""
| #define PACKAGE "fftw"
| #define VERSION "3.3.7"
| #define FFTW_ENABLE_ALLOCA 1
| #define STDC_HEADERS 1
| #define HAVE_SYS_TYPES_H 1
| #define HAVE_SYS_STAT_H 1
| #define HAVE_STDLIB_H 1
| #define HAVE_STRING_H 1
| #define HAVE_MEMORY_H 1
| #define HAVE_STRINGS_H 1
| #define HAVE_INTTYPES_H 1
| #define HAVE_STDINT_H 1
| #define HAVE_UNISTD_H 1
| #define HAVE_DLFCN_H 1
| #define LT_OBJDIR ".libs/"
| #define STDC_HEADERS 1
| #define HAVE_FCNTL_H 1
| #define HAVE_FENV_H 1
| #define HAVE_LIMITS_H 1
| #define HAVE_STDDEF_H 1
| #define HAVE_SYS_TIME_H 1
| #define TIME_WITH_SYS_TIME 1
| #define HAVE_LONG_DOUBLE 1
| #define SIZEOF_INT 4
| #define SIZEOF_UNSIGNED_INT 4
| #define SIZEOF_LONG 8
| #define SIZEOF_UNSIGNED_LONG 8
| #define SIZEOF_LONG_LONG 8
| #define SIZEOF_UNSIGNED_LONG_LONG 8
| #define SIZEOF_SIZE_T 8
| #define SIZEOF_PTRDIFF_T 8
| #define HAVE_PTRDIFF_T 1
| #define HAVE_UINTPTR_T 1
| #define SIZEOF_FLOAT 4
| #define SIZEOF_DOUBLE 8
| #define SIZEOF_FFTW_R2R_KIND 4
| #define HAVE_ALLOCA_H 1
| #define HAVE_ALLOCA 1
| #define HAVE_VPRINTF 1
| #define HAVE_LIBM 1
| #define HAVE_GETTIMEOFDAY 1
| #define HAVE_DRAND48 1
| #define HAVE_SQRT 1
| #define HAVE_MEMSET 1
| #define HAVE_POSIX_MEMALIGN 1
| #define HAVE_CLOCK_GETTIME 1
| #define HAVE_MACH_ABSOLUTE_TIME 1
| #define HAVE_SYSCTL 1
| #define HAVE_ABORT 1
| #define HAVE_SINL 1
| #define HAVE_COSL 1
| #define HAVE_SNPRINTF 1
| #define HAVE_MEMMOVE 1
| #define HAVE_STRCHR 1
| #define HAVE_GETPAGESIZE 1
| #define HAVE_DECL_SINL 1
| #define HAVE_DECL_COSL 1
| #define HAVE_DECL_SINQ 0
| #define HAVE_DECL_COSQ 0
| #define HAVE_DECL_MEMALIGN 0
| #define HAVE_DECL_DRAND48 1
| #define HAVE_DECL_SRAND48 1
| #define HAVE_DECL_POSIX_MEMALIGN 1
| /* end confdefs.h.  */
| #ifdef HAVE_INTRINSICS_H
| #include <intrinsics.h>
| #endif
| int
| main ()
| {
| _rtc()
|   ;
|   return 0;
| }
configure:17280: result: no
configure:17300: checking for isnan
configure:17314: gcc -o conftest -O3 -fomit-frame-pointer -mtune=native -fstrict-aliasing -ffast-math   conftest.c -lm  >&5
configure:17314: $? = 0
configure:17326: result: yes
configure:17333: checking whether C compiler accepts -mpreferred-stack-boundary=4
configure:17352: gcc -c -mpreferred-stack-boundary=4  conftest.c >&5
clang: error: unknown argument: '-mpreferred-stack-boundary=4'
configure:17352: $? = 1
configure: failed program was:
| /* confdefs.h */
| #define PACKAGE_NAME "fftw"
| #define PACKAGE_TARNAME "fftw"
| #define PACKAGE_VERSION "3.3.7"
| #define PACKAGE_STRING "fftw 3.3.7"
| #define PACKAGE_BUGREPORT "fftw@fftw.org"
| #define PACKAGE_URL ""
| #define PACKAGE "fftw"
| #define VERSION "3.3.7"
| #define FFTW_ENABLE_ALLOCA 1
| #define STDC_HEADERS 1
| #define HAVE_SYS_TYPES_H 1
| #define HAVE_SYS_STAT_H 1
| #define HAVE_STDLIB_H 1
| #define HAVE_STRING_H 1
| #define HAVE_MEMORY_H 1
| #define HAVE_STRINGS_H 1
| #define HAVE_INTTYPES_H 1
| #define HAVE_STDINT_H 1
| #define HAVE_UNISTD_H 1
| #define HAVE_DLFCN_H 1
| #define LT_OBJDIR ".libs/"
| #define STDC_HEADERS 1
| #define HAVE_FCNTL_H 1
| #define HAVE_FENV_H 1
| #define HAVE_LIMITS_H 1
| #define HAVE_STDDEF_H 1
| #define HAVE_SYS_TIME_H 1
| #define TIME_WITH_SYS_TIME 1
| #define HAVE_LONG_DOUBLE 1
| #define SIZEOF_INT 4
| #define SIZEOF_UNSIGNED_INT 4
| #define SIZEOF_LONG 8
| #define SIZEOF_UNSIGNED_LONG 8
| #define SIZEOF_LONG_LONG 8
| #define SIZEOF_UNSIGNED_LONG_LONG 8
| #define SIZEOF_SIZE_T 8
| #define SIZEOF_PTRDIFF_T 8
| #define HAVE_PTRDIFF_T 1
| #define HAVE_UINTPTR_T 1
| #define SIZEOF_FLOAT 4
| #define SIZEOF_DOUBLE 8
| #define SIZEOF_FFTW_R2R_KIND 4
| #define HAVE_ALLOCA_H 1
| #define HAVE_ALLOCA 1
| #define HAVE_VPRINTF 1
| #define HAVE_LIBM 1
| #define HAVE_GETTIMEOFDAY 1
| #define HAVE_DRAND48 1
| #define HAVE_SQRT 1
| #define HAVE_MEMSET 1
| #define HAVE_POSIX_MEMALIGN 1
| #define HAVE_CLOCK_GETTIME 1
| #define HAVE_MACH_ABSOLUTE_TIME 1
| #define HAVE_SYSCTL 1
| #define HAVE_ABORT 1
| #define HAVE_SINL 1
| #define HAVE_COSL 1
| #define HAVE_SNPRINTF 1
| #define HAVE_MEMMOVE 1
| #define HAVE_STRCHR 1
| #define HAVE_GETPAGESIZE 1
| #define HAVE_DECL_SINL 1
| #define HAVE_DECL_COSL 1
| #define HAVE_DECL_SINQ 0
| #define HAVE_DECL_COSQ 0
| #define HAVE_DECL_MEMALIGN 0
| #define HAVE_DECL_DRAND48 1
| #define HAVE_DECL_SRAND48 1
| #define HAVE_DECL_POSIX_MEMALIGN 1
| #define HAVE_ISNAN 1
| /* end confdefs.h.  */
| 
| int
| main ()
| {
| 
|   ;
|   return 0;
| }
configure:17362: result: no
configure:17624: checking for g77
configure:17654: result: no
configure:17624: checking for xlf
configure:17654: result: no
configure:17624: checking for f77
configure:17654: result: no
configure:17624: checking for frt
configure:17654: result: no
configure:17624: checking for pgf77
configure:17654: result: no
configure:17624: checking for cf77
configure:17654: result: no
configure:17624: checking for fort77
configure:17654: result: no
configure:17624: checking for fl32
configure:17654: result: no
configure:17624: checking for af77
configure:17654: result: no
configure:17624: checking for xlf90
configure:17654: result: no
configure:17624: checking for f90
configure:17654: result: no
configure:17624: checking for pgf90
configure:17654: result: no
configure:17624: checking for pghpf
configure:17654: result: no
configure:17624: checking for epcf90
configure:17654: result: no
configure:17624: checking for gfortran
configure:17640: found /Applications/deal.II-8.5-brew.app/Contents/Resources/brew/bin/gfortran
configure:17651: result: gfortran
configure:17677: checking for Fortran 77 compiler version
configure:17686: gfortran --version >&5
GNU Fortran (Homebrew GCC 6.3.0_1) 6.3.0
Copyright (C) 2016 Free Software Foundation, Inc.
This is free software; see the source for copying conditions.  There is NO
warranty; not even for MERCHANTABILITY or FITNESS FOR A PARTICULAR PURPOSE.

configure:17697: $? = 0
configure:17686: gfortran -v >&5
Using built-in specs.
COLLECT_GCC=gfortran
COLLECT_LTO_WRAPPER=/Applications/deal.II-8.5-brew.app/Contents/Resources/brew/Cellar/gcc/6.3.0_1/libexec/gcc/x86_64-apple-darwin16.4.0/6.3.0/lto-wrapper
Target: x86_64-apple-darwin16.4.0
Configured with: ../configure --build=x86_64-apple-darwin16.4.0 --prefix=/Applications/deal.II-8.5-brew.app/Contents/Resources/brew/Cellar/gcc/6.3.0_1 --libdir=/Applications/deal.II-8.5-brew.app/Contents/Resources/brew/Cellar/gcc/6.3.0_1/lib/gcc/6 --enable-languages=c,c++,objc,obj-c++,fortran --program-suffix=-6 --with-gmp=/Applications/deal.II-8.5-brew.app/Contents/Resources/brew/opt/gmp --with-mpfr=/Applications/deal.II-8.5-brew.app/Contents/Resources/brew/opt/mpfr --with-mpc=/Applications/deal.II-8.5-brew.app/Contents/Resources/brew/opt/libmpc --with-isl=/Applications/deal.II-8.5-brew.app/Contents/Resources/brew/opt/isl --with-system-zlib --enable-stage1-checking --enable-checking=release --enable-lto --with-build-config=bootstrap-debug --disable-werror --with-pkgversion='Homebrew GCC 6.3.0_1' --with-bugurl=https://github.com/Homebrew/homebrew-core/issues --disable-nls --enable-multilib --with-native-system-header-dir=/usr/include --with-sysroot=/Applications/Xcode.app/Contents/Developer/Platforms/MacOSX.platform/Developer/SDKs/MacOSX10.12.sdk
Thread model: posix
gcc version 6.3.0 (Homebrew GCC 6.3.0_1) 
configure:17697: $? = 0
configure:17686: gfortran -V >&5
gfortran: error: unrecognized command line option '-V'
gfortran: fatal error: no input files
compilation terminated.
configure:17697: $? = 1
configure:17686: gfortran -qversion >&5
gfortran: error: unrecognized command line option '-qversion'; did you mean '--version'?
gfortran: fatal error: no input files
compilation terminated.
configure:17697: $? = 1
configure:17706: checking whether we are using the GNU Fortran 77 compiler
configure:17719: gfortran -c  conftest.F >&5
configure:17719: $? = 0
configure:17728: result: yes
configure:17734: checking whether gfortran accepts -g
configure:17745: gfortran -c -g conftest.f >&5
configure:17745: $? = 0
configure:17753: result: yes
configure:17882: checking if libtool supports shared libraries
configure:17884: result: yes
configure:17887: checking whether to build shared libraries
configure:17911: result: no
configure:17914: checking whether to build static libraries
configure:17918: result: yes
configure:18270: checking for gfortran option to produce PIC
configure:18277: result: -fno-common
configure:18285: checking if gfortran PIC flag -fno-common works
configure:18303: gfortran -c -g -O2 -fno-common conftest.f >&5
configure:18307: $? = 0
configure:18320: result: yes
configure:18343: checking if gfortran static flag -static works
configure:18371: result: no
configure:18383: checking if gfortran supports -c -o file.o
configure:18404: gfortran -c -g -O2 -o out/conftest2.o conftest.f >&5
configure:18408: $? = 0
configure:18430: result: yes
configure:18435: checking if gfortran supports -c -o file.o
configure:18482: result: yes
configure:18512: checking whether the gfortran linker (/Applications/Xcode9.app/Contents/Developer/Toolchains/XcodeDefault.xctoolchain/usr/bin/ld) supports shared libraries
configure:19725: result: yes
configure:19866: checking dynamic linker characteristics
configure:20617: result: darwin17.5.0 dyld
configure:20682: checking how to hardcode library paths into programs
configure:20707: result: immediate
configure:20749: checking how to get verbose linking output from gfortran
configure:20759: gfortran -c -g -O2 conftest.f >&5
configure:20759: $? = 0
configure:20777: gfortran -o conftest -g -O2 -v conftest.f -lm
Using built-in specs.
Target: x86_64-apple-darwin16.4.0
Thread model: posix
gcc version 6.3.0 (Homebrew GCC 6.3.0_1) 
 /Applications/deal.II-8.5-brew.app/Contents/Resources/brew/Cellar/gcc/6.3.0_1/libexec/gcc/x86_64-apple-darwin16.4.0/6.3.0/f951 conftest.f -ffixed-form -fPIC -feliminate-unused-debug-symbols -quiet -dumpbase conftest.f -mmacosx-version-min=10.13.5 -mtune=core2 -auxbase conftest -g -O2 -version -fintrinsic-modules-path /Applications/deal.II-8.5-brew.app/Contents/Resources/brew/Cellar/gcc/6.3.0_1/lib/gcc/6/gcc/x86_64-apple-darwin16.4.0/6.3.0/finclude -o /var/folders/30/wjvgj1cs21q9fq3l3k2yclth0000gp/T//ccgfpBGz.s
GNU Fortran (Homebrew GCC 6.3.0_1) version 6.3.0 (x86_64-apple-darwin16.4.0)
	compiled by GNU C version 6.3.0, GMP version 6.1.2, MPFR version 3.1.5, MPC version 1.0.3, isl version 0.15
GGC heuristics: --param ggc-min-expand=100 --param ggc-min-heapsize=131072
GNU Fortran2008 (Homebrew GCC 6.3.0_1) version 6.3.0 (x86_64-apple-darwin16.4.0)
	compiled by GNU C version 6.3.0, GMP version 6.1.2, MPFR version 3.1.5, MPC version 1.0.3, isl version 0.15
GGC heuristics: --param ggc-min-expand=100 --param ggc-min-heapsize=131072
 as -arch x86_64 -v -force_cpusubtype_ALL -mmacosx-version-min=10.13 -o /var/folders/30/wjvgj1cs21q9fq3l3k2yclth0000gp/T//ccEosSlS.o /var/folders/30/wjvgj1cs21q9fq3l3k2yclth0000gp/T//ccgfpBGz.s
Apple LLVM version 9.0.0 (clang-900.0.39.2)
Target: x86_64-apple-darwin17.5.0
Thread model: posix
InstalledDir: /Applications/Xcode9.app/Contents/Developer/Toolchains/XcodeDefault.xctoolchain/usr/bin
 "/Applications/Xcode9.app/Contents/Developer/Toolchains/XcodeDefault.xctoolchain/usr/bin/clang" -cc1as -triple x86_64-apple-macosx10.13.0 -filetype obj -main-file-name ccgfpBGz.s -target-cpu penryn -fdebug-compilation-dir /MyData/Research/2-Paper/2-DWC/code/dwc/c++/fftw-3.3.7/build -dwarf-debug-producer Apple LLVM version 9.0.0 (clang-900.0.39.2) -dwarf-version=4 -mrelocation-model pic -o /var/folders/30/wjvgj1cs21q9fq3l3k2yclth0000gp/T//ccEosSlS.o /var/folders/30/wjvgj1cs21q9fq3l3k2yclth0000gp/T//ccgfpBGz.s
Reading specs from /Applications/deal.II-8.5-brew.app/Contents/Resources/brew/Cellar/gcc/6.3.0_1/lib/gcc/6/gcc/x86_64-apple-darwin16.4.0/6.3.0/../../../libgfortran.spec
rename spec lib to liborig
 /Applications/deal.II-8.5-brew.app/Contents/Resources/brew/Cellar/gcc/6.3.0_1/libexec/gcc/x86_64-apple-darwin16.4.0/6.3.0/collect2 -syslibroot /Applications/Xcode.app/Contents/Developer/Platforms/MacOSX.platform/Developer/SDKs/MacOSX10.12.sdk/ -dynamic -arch x86_64 -macosx_version_min 10.13.5 -weak_reference_mismatches non-weak -o conftest -L/Applications/deal.II-8.5-brew.app/Contents/Resources/brew/Cellar/gcc/6.3.0_1/lib/gcc/6/gcc/x86_64-apple-darwin16.4.0/6.3.0 -L/Applications/deal.II-8.5-brew.app/Contents/Resources/brew/Cellar/gcc/6.3.0_1/lib/gcc/6/gcc/x86_64-apple-darwin16.4.0/6.3.0/../../.. /var/folders/30/wjvgj1cs21q9fq3l3k2yclth0000gp/T//ccEosSlS.o -lgfortran -no_compact_unwind -lSystem -lgcc_ext.10.5 -lgcc -lquadmath -lm -lgcc_ext.10.5 -lgcc -lSystem -v -idsym -dsym
collect2 version 6.3.0
/usr/bin/ld -syslibroot /Applications/Xcode.app/Contents/Developer/Platforms/MacOSX.platform/Developer/SDKs/MacOSX10.12.sdk/ -dynamic -arch x86_64 -macosx_version_min 10.13.5 -weak_reference_mismatches non-weak -o conftest -L/Applications/deal.II-8.5-brew.app/Contents/Resources/brew/Cellar/gcc/6.3.0_1/lib/gcc/6/gcc/x86_64-apple-darwin16.4.0/6.3.0 -L/Applications/deal.II-8.5-brew.app/Contents/Resources/brew/Cellar/gcc/6.3.0_1/lib/gcc/6/gcc/x86_64-apple-darwin16.4.0/6.3.0/../../.. /var/folders/30/wjvgj1cs21q9fq3l3k2yclth0000gp/T//ccEosSlS.o -lgfortran -no_compact_unwind -lSystem -lgcc_ext.10.5 -lgcc -lquadmath -lm -lgcc_ext.10.5 -lgcc -lSystem -v
@(#)PROGRAM:ld  PROJECT:ld64-305
configured to support archs: armv6 armv7 armv7s arm64 i386 x86_64 x86_64h armv6m armv7k armv7m armv7em (tvOS)
Library search paths:
	/Applications/deal.II-8.5-brew.app/Contents/Resources/brew/Cellar/gcc/6.3.0_1/lib/gcc/6/gcc/x86_64-apple-darwin16.4.0/6.3.0
	/Applications/deal.II-8.5-brew.app/Contents/Resources/brew/Cellar/gcc/6.3.0_1/lib/gcc/6
	/Applications/Xcode.app/Contents/Developer/Platforms/MacOSX.platform/Developer/SDKs/MacOSX10.12.sdk/usr/lib
Framework search paths:
	/Applications/Xcode.app/Contents/Developer/Platforms/MacOSX.platform/Developer/SDKs/MacOSX10.12.sdk/System/Library/Frameworks/
 /usr/bin/nm -n /var/folders/30/wjvgj1cs21q9fq3l3k2yclth0000gp/T//ccEosSlS.o
dsymutil conftest
configure:20860: result: -v
configure:20862: checking for Fortran 77 libraries of gfortran
configure:20885: gfortran -o conftest -g -O2 -v conftest.f -lm
Using built-in specs.
Target: x86_64-apple-darwin16.4.0
Thread model: posix
gcc version 6.3.0 (Homebrew GCC 6.3.0_1) 
 /Applications/deal.II-8.5-brew.app/Contents/Resources/brew/Cellar/gcc/6.3.0_1/libexec/gcc/x86_64-apple-darwin16.4.0/6.3.0/f951 conftest.f -ffixed-form -fPIC -feliminate-unused-debug-symbols -quiet -dumpbase conftest.f -mmacosx-version-min=10.13.5 -mtune=core2 -auxbase conftest -g -O2 -version -fintrinsic-modules-path /Applications/deal.II-8.5-brew.app/Contents/Resources/brew/Cellar/gcc/6.3.0_1/lib/gcc/6/gcc/x86_64-apple-darwin16.4.0/6.3.0/finclude -o /var/folders/30/wjvgj1cs21q9fq3l3k2yclth0000gp/T//ccNTGYBW.s
GNU Fortran (Homebrew GCC 6.3.0_1) version 6.3.0 (x86_64-apple-darwin16.4.0)
	compiled by GNU C version 6.3.0, GMP version 6.1.2, MPFR version 3.1.5, MPC version 1.0.3, isl version 0.15
GGC heuristics: --param ggc-min-expand=100 --param ggc-min-heapsize=131072
GNU Fortran2008 (Homebrew GCC 6.3.0_1) version 6.3.0 (x86_64-apple-darwin16.4.0)
	compiled by GNU C version 6.3.0, GMP version 6.1.2, MPFR version 3.1.5, MPC version 1.0.3, isl version 0.15
GGC heuristics: --param ggc-min-expand=100 --param ggc-min-heapsize=131072
 as -arch x86_64 -v -force_cpusubtype_ALL -mmacosx-version-min=10.13 -o /var/folders/30/wjvgj1cs21q9fq3l3k2yclth0000gp/T//ccDQkOTN.o /var/folders/30/wjvgj1cs21q9fq3l3k2yclth0000gp/T//ccNTGYBW.s
Apple LLVM version 9.0.0 (clang-900.0.39.2)
Target: x86_64-apple-darwin17.5.0
Thread model: posix
InstalledDir: /Applications/Xcode9.app/Contents/Developer/Toolchains/XcodeDefault.xctoolchain/usr/bin
 "/Applications/Xcode9.app/Contents/Developer/Toolchains/XcodeDefault.xctoolchain/usr/bin/clang" -cc1as -triple x86_64-apple-macosx10.13.0 -filetype obj -main-file-name ccNTGYBW.s -target-cpu penryn -fdebug-compilation-dir /MyData/Research/2-Paper/2-DWC/code/dwc/c++/fftw-3.3.7/build -dwarf-debug-producer Apple LLVM version 9.0.0 (clang-900.0.39.2) -dwarf-version=4 -mrelocation-model pic -o /var/folders/30/wjvgj1cs21q9fq3l3k2yclth0000gp/T//ccDQkOTN.o /var/folders/30/wjvgj1cs21q9fq3l3k2yclth0000gp/T//ccNTGYBW.s
Reading specs from /Applications/deal.II-8.5-brew.app/Contents/Resources/brew/Cellar/gcc/6.3.0_1/lib/gcc/6/gcc/x86_64-apple-darwin16.4.0/6.3.0/../../../libgfortran.spec
rename spec lib to liborig
 /Applications/deal.II-8.5-brew.app/Contents/Resources/brew/Cellar/gcc/6.3.0_1/libexec/gcc/x86_64-apple-darwin16.4.0/6.3.0/collect2 -syslibroot /Applications/Xcode.app/Contents/Developer/Platforms/MacOSX.platform/Developer/SDKs/MacOSX10.12.sdk/ -dynamic -arch x86_64 -macosx_version_min 10.13.5 -weak_reference_mismatches non-weak -o conftest -L/Applications/deal.II-8.5-brew.app/Contents/Resources/brew/Cellar/gcc/6.3.0_1/lib/gcc/6/gcc/x86_64-apple-darwin16.4.0/6.3.0 -L/Applications/deal.II-8.5-brew.app/Contents/Resources/brew/Cellar/gcc/6.3.0_1/lib/gcc/6/gcc/x86_64-apple-darwin16.4.0/6.3.0/../../.. /var/folders/30/wjvgj1cs21q9fq3l3k2yclth0000gp/T//ccDQkOTN.o -lgfortran -no_compact_unwind -lSystem -lgcc_ext.10.5 -lgcc -lquadmath -lm -lgcc_ext.10.5 -lgcc -lSystem -v -idsym -dsym
collect2 version 6.3.0
/usr/bin/ld -syslibroot /Applications/Xcode.app/Contents/Developer/Platforms/MacOSX.platform/Developer/SDKs/MacOSX10.12.sdk/ -dynamic -arch x86_64 -macosx_version_min 10.13.5 -weak_reference_mismatches non-weak -o conftest -L/Applications/deal.II-8.5-brew.app/Contents/Resources/brew/Cellar/gcc/6.3.0_1/lib/gcc/6/gcc/x86_64-apple-darwin16.4.0/6.3.0 -L/Applications/deal.II-8.5-brew.app/Contents/Resources/brew/Cellar/gcc/6.3.0_1/lib/gcc/6/gcc/x86_64-apple-darwin16.4.0/6.3.0/../../.. /var/folders/30/wjvgj1cs21q9fq3l3k2yclth0000gp/T//ccDQkOTN.o -lgfortran -no_compact_unwind -lSystem -lgcc_ext.10.5 -lgcc -lquadmath -lm -lgcc_ext.10.5 -lgcc -lSystem -v
@(#)PROGRAM:ld  PROJECT:ld64-305
configured to support archs: armv6 armv7 armv7s arm64 i386 x86_64 x86_64h armv6m armv7k armv7m armv7em (tvOS)
Library search paths:
	/Applications/deal.II-8.5-brew.app/Contents/Resources/brew/Cellar/gcc/6.3.0_1/lib/gcc/6/gcc/x86_64-apple-darwin16.4.0/6.3.0
	/Applications/deal.II-8.5-brew.app/Contents/Resources/brew/Cellar/gcc/6.3.0_1/lib/gcc/6
	/Applications/Xcode.app/Contents/Developer/Platforms/MacOSX.platform/Developer/SDKs/MacOSX10.12.sdk/usr/lib
Framework search paths:
	/Applications/Xcode.app/Contents/Developer/Platforms/MacOSX.platform/Developer/SDKs/MacOSX10.12.sdk/System/Library/Frameworks/
 /usr/bin/nm -n /var/folders/30/wjvgj1cs21q9fq3l3k2yclth0000gp/T//ccDQkOTN.o
dsymutil conftest
configure:21081: result:  -L/Applications/deal.II-8.5-brew.app/Contents/Resources/brew/Cellar/gcc/6.3.0_1/lib/gcc/6/gcc/x86_64-apple-darwin16.4.0/6.3.0 -L/Applications/deal.II-8.5-brew.app/Contents/Resources/brew/Cellar/gcc/6.3.0_1/lib/gcc/6/gcc/x86_64-apple-darwin16.4.0/6.3.0/../../.. -lgfortran -lquadmath -lm
configure:21097: checking for dummy main to link with Fortran 77 libraries
configure:21131: gcc -o conftest -O3 -fomit-frame-pointer -mtune=native -fstrict-aliasing -ffast-math   conftest.c -lm   -L/Applications/deal.II-8.5-brew.app/Contents/Resources/brew/Cellar/gcc/6.3.0_1/lib/gcc/6/gcc/x86_64-apple-darwin16.4.0/6.3.0 -L/Applications/deal.II-8.5-brew.app/Contents/Resources/brew/Cellar/gcc/6.3.0_1/lib/gcc/6/gcc/x86_64-apple-darwin16.4.0/6.3.0/../../.. -lgfortran -lquadmath -lm >&5
configure:21131: $? = 0
configure:21176: result: none
configure:21216: checking for Fortran 77 name-mangling scheme
configure:21229: gfortran -c -g -O2 conftest.f >&5
configure:21229: $? = 0
configure:21270: gcc -o conftest -O3 -fomit-frame-pointer -mtune=native -fstrict-aliasing -ffast-math   conftest.c cfortran_test.o -lm   -L/Applications/deal.II-8.5-brew.app/Contents/Resources/brew/Cellar/gcc/6.3.0_1/lib/gcc/6/gcc/x86_64-apple-darwin16.4.0/6.3.0 -L/Applications/deal.II-8.5-brew.app/Contents/Resources/brew/Cellar/gcc/6.3.0_1/lib/gcc/6/gcc/x86_64-apple-darwin16.4.0/6.3.0/../../.. -lgfortran -lquadmath -lm >&5
Undefined symbols for architecture x86_64:
  "_foobar", referenced from:
      _main in conftest-b230fd.o
     (maybe you meant: _foobar_)
ld: symbol(s) not found for architecture x86_64
clang: error: linker command failed with exit code 1 (use -v to see invocation)
configure:21270: $? = 1
configure: failed program was:
| /* confdefs.h */
| #define PACKAGE_NAME "fftw"
| #define PACKAGE_TARNAME "fftw"
| #define PACKAGE_VERSION "3.3.7"
| #define PACKAGE_STRING "fftw 3.3.7"
| #define PACKAGE_BUGREPORT "fftw@fftw.org"
| #define PACKAGE_URL ""
| #define PACKAGE "fftw"
| #define VERSION "3.3.7"
| #define FFTW_ENABLE_ALLOCA 1
| #define STDC_HEADERS 1
| #define HAVE_SYS_TYPES_H 1
| #define HAVE_SYS_STAT_H 1
| #define HAVE_STDLIB_H 1
| #define HAVE_STRING_H 1
| #define HAVE_MEMORY_H 1
| #define HAVE_STRINGS_H 1
| #define HAVE_INTTYPES_H 1
| #define HAVE_STDINT_H 1
| #define HAVE_UNISTD_H 1
| #define HAVE_DLFCN_H 1
| #define LT_OBJDIR ".libs/"
| #define STDC_HEADERS 1
| #define HAVE_FCNTL_H 1
| #define HAVE_FENV_H 1
| #define HAVE_LIMITS_H 1
| #define HAVE_STDDEF_H 1
| #define HAVE_SYS_TIME_H 1
| #define TIME_WITH_SYS_TIME 1
| #define HAVE_LONG_DOUBLE 1
| #define SIZEOF_INT 4
| #define SIZEOF_UNSIGNED_INT 4
| #define SIZEOF_LONG 8
| #define SIZEOF_UNSIGNED_LONG 8
| #define SIZEOF_LONG_LONG 8
| #define SIZEOF_UNSIGNED_LONG_LONG 8
| #define SIZEOF_SIZE_T 8
| #define SIZEOF_PTRDIFF_T 8
| #define HAVE_PTRDIFF_T 1
| #define HAVE_UINTPTR_T 1
| #define SIZEOF_FLOAT 4
| #define SIZEOF_DOUBLE 8
| #define SIZEOF_FFTW_R2R_KIND 4
| #define HAVE_ALLOCA_H 1
| #define HAVE_ALLOCA 1
| #define HAVE_VPRINTF 1
| #define HAVE_LIBM 1
| #define HAVE_GETTIMEOFDAY 1
| #define HAVE_DRAND48 1
| #define HAVE_SQRT 1
| #define HAVE_MEMSET 1
| #define HAVE_POSIX_MEMALIGN 1
| #define HAVE_CLOCK_GETTIME 1
| #define HAVE_MACH_ABSOLUTE_TIME 1
| #define HAVE_SYSCTL 1
| #define HAVE_ABORT 1
| #define HAVE_SINL 1
| #define HAVE_COSL 1
| #define HAVE_SNPRINTF 1
| #define HAVE_MEMMOVE 1
| #define HAVE_STRCHR 1
| #define HAVE_GETPAGESIZE 1
| #define HAVE_DECL_SINL 1
| #define HAVE_DECL_COSL 1
| #define HAVE_DECL_SINQ 0
| #define HAVE_DECL_COSQ 0
| #define HAVE_DECL_MEMALIGN 0
| #define HAVE_DECL_DRAND48 1
| #define HAVE_DECL_SRAND48 1
| #define HAVE_DECL_POSIX_MEMALIGN 1
| #define HAVE_ISNAN 1
| /* end confdefs.h.  */
| 
| /* Override any GCC internal prototype to avoid an error.
|    Use char because int might match the return type of a GCC
|    builtin and then its argument prototype would still apply.  */
| #ifdef __cplusplus
| extern "C"
| #endif
| char foobar ();
| #ifdef F77_DUMMY_MAIN
| 
| #  ifdef __cplusplus
|      extern "C"
| #  endif
|    int F77_DUMMY_MAIN() { return 1; }
| 
| #endif
| int
| main ()
| {
| return foobar ();
|   ;
|   return 0;
| }
configure:21270: gcc -o conftest -O3 -fomit-frame-pointer -mtune=native -fstrict-aliasing -ffast-math   conftest.c cfortran_test.o -lm   -L/Applications/deal.II-8.5-brew.app/Contents/Resources/brew/Cellar/gcc/6.3.0_1/lib/gcc/6/gcc/x86_64-apple-darwin16.4.0/6.3.0 -L/Applications/deal.II-8.5-brew.app/Contents/Resources/brew/Cellar/gcc/6.3.0_1/lib/gcc/6/gcc/x86_64-apple-darwin16.4.0/6.3.0/../../.. -lgfortran -lquadmath -lm >&5
configure:21270: $? = 0
configure:21328: gcc -o conftest -O3 -fomit-frame-pointer -mtune=native -fstrict-aliasing -ffast-math   conftest.c cfortran_test.o -lm   -L/Applications/deal.II-8.5-brew.app/Contents/Resources/brew/Cellar/gcc/6.3.0_1/lib/gcc/6/gcc/x86_64-apple-darwin16.4.0/6.3.0 -L/Applications/deal.II-8.5-brew.app/Contents/Resources/brew/Cellar/gcc/6.3.0_1/lib/gcc/6/gcc/x86_64-apple-darwin16.4.0/6.3.0/../../.. -lgfortran -lquadmath -lm >&5
configure:21328: $? = 0
configure:21370: result: lower case, underscore, no extra underscore
configure:22075: checking whether a cycle counter is available
configure:22086: gcc -E  -I../kernel conftest.c
configure:22086: $? = 0
configure:22093: result: yes
configure:22220: checking that generated files are newer than configure
configure:22226: result: done
configure:22333: creating ./config.status

## ---------------------- ##
## Running config.status. ##
## ---------------------- ##

This file was extended by fftw config.status 3.3.7, which was
generated by GNU Autoconf 2.69.  Invocation command line was

  CONFIG_FILES    = 
  CONFIG_HEADERS  = 
  CONFIG_LINKS    = 
  CONFIG_COMMANDS = 
  $ ./config.status 

on zhikuis-MacBook-Pro.local

config.status:1315: creating Makefile
config.status:1315: creating support/Makefile
config.status:1315: creating genfft/Makefile
config.status:1315: creating kernel/Makefile
config.status:1315: creating simd-support/Makefile
config.status:1315: creating dft/Makefile
config.status:1315: creating dft/scalar/Makefile
config.status:1315: creating dft/scalar/codelets/Makefile
config.status:1315: creating dft/simd/Makefile
config.status:1315: creating dft/simd/common/Makefile
config.status:1315: creating dft/simd/sse2/Makefile
config.status:1315: creating dft/simd/avx/Makefile
config.status:1315: creating dft/simd/avx-128-fma/Makefile
config.status:1315: creating dft/simd/avx2/Makefile
config.status:1315: creating dft/simd/avx2-128/Makefile
config.status:1315: creating dft/simd/avx512/Makefile
config.status:1315: creating dft/simd/kcvi/Makefile
config.status:1315: creating dft/simd/altivec/Makefile
config.status:1315: creating dft/simd/vsx/Makefile
config.status:1315: creating dft/simd/neon/Makefile
config.status:1315: creating dft/simd/generic-simd128/Makefile
config.status:1315: creating dft/simd/generic-simd256/Makefile
config.status:1315: creating rdft/Makefile
config.status:1315: creating rdft/scalar/Makefile
config.status:1315: creating rdft/scalar/r2cf/Makefile
config.status:1315: creating rdft/scalar/r2cb/Makefile
config.status:1315: creating rdft/scalar/r2r/Makefile
config.status:1315: creating rdft/simd/Makefile
config.status:1315: creating rdft/simd/common/Makefile
config.status:1315: creating rdft/simd/sse2/Makefile
config.status:1315: creating rdft/simd/avx/Makefile
config.status:1315: creating rdft/simd/avx-128-fma/Makefile
config.status:1315: creating rdft/simd/avx2/Makefile
config.status:1315: creating rdft/simd/avx2-128/Makefile
config.status:1315: creating rdft/simd/avx512/Makefile
config.status:1315: creating rdft/simd/kcvi/Makefile
config.status:1315: creating rdft/simd/altivec/Makefile
config.status:1315: creating rdft/simd/vsx/Makefile
config.status:1315: creating rdft/simd/neon/Makefile
config.status:1315: creating rdft/simd/generic-simd128/Makefile
config.status:1315: creating rdft/simd/generic-simd256/Makefile
config.status:1315: creating reodft/Makefile
config.status:1315: creating threads/Makefile
config.status:1315: creating api/Makefile
config.status:1315: creating mpi/Makefile
config.status:1315: creating libbench2/Makefile
config.status:1315: creating tests/Makefile
config.status:1315: creating doc/Makefile
config.status:1315: creating doc/FAQ/Makefile
config.status:1315: creating tools/Makefile
config.status:1315: creating tools/fftw_wisdom.1
config.status:1315: creating tools/fftw-wisdom-to-conf
config.status:1315: creating m4/Makefile
config.status:1315: creating fftw.pc
config.status:1315: creating config.h
config.status:1529: executing depfiles commands
config.status:1529: executing libtool commands

## ---------------- ##
## Cache variables. ##
## ---------------- ##

ac_cv_build=x86_64-apple-darwin17.5.0
ac_cv_c_compiler_gnu=yes
ac_cv_c_const=yes
ac_cv_c_inline=inline
ac_cv_c_uint32_t=yes
ac_cv_c_uint64_t=yes
ac_cv_env_CC_set=
ac_cv_env_CC_value=
ac_cv_env_CFLAGS_set=
ac_cv_env_CFLAGS_value=
ac_cv_env_CPPFLAGS_set=
ac_cv_env_CPPFLAGS_value=
ac_cv_env_CPP_set=
ac_cv_env_CPP_value=
ac_cv_env_F77_set=
ac_cv_env_F77_value=
ac_cv_env_FFLAGS_set=
ac_cv_env_FFLAGS_value=
ac_cv_env_LDFLAGS_set=
ac_cv_env_LDFLAGS_value=
ac_cv_env_LIBS_set=
ac_cv_env_LIBS_value=
ac_cv_env_LT_SYS_LIBRARY_PATH_set=
ac_cv_env_LT_SYS_LIBRARY_PATH_value=
ac_cv_env_MPICC_set=
ac_cv_env_MPICC_value=
ac_cv_env_build_alias_set=
ac_cv_env_build_alias_value=
ac_cv_env_host_alias_set=
ac_cv_env_host_alias_value=
ac_cv_env_target_alias_set=
ac_cv_env_target_alias_value=
ac_cv_f77_compiler_gnu=yes
ac_cv_f77_dummy_main=none
ac_cv_f77_libs=' -L/Applications/deal.II-8.5-brew.app/Contents/Resources/brew/Cellar/gcc/6.3.0_1/lib/gcc/6/gcc/x86_64-apple-darwin16.4.0/6.3.0 -L/Applications/deal.II-8.5-brew.app/Contents/Resources/brew/Cellar/gcc/6.3.0_1/lib/gcc/6/gcc/x86_64-apple-darwin16.4.0/6.3.0/../../.. -lgfortran -lquadmath -lm'
ac_cv_f77_mangling='lower case, underscore, no extra underscore'
ac_cv_fortran_dummy_main=none
ac_cv_func_BSDgettimeofday=no
ac_cv_func__doprnt=no
ac_cv_func__mm_free=no
ac_cv_func__mm_malloc=no
ac_cv_func_abort=yes
ac_cv_func_alloca_works=yes
ac_cv_func_clock_gettime=yes
ac_cv_func_cosl=yes
ac_cv_func_drand48=yes
ac_cv_func_gethrtime=no
ac_cv_func_getpagesize=yes
ac_cv_func_gettimeofday=yes
ac_cv_func_mach_absolute_time=yes
ac_cv_func_memalign=no
ac_cv_func_memmove=yes
ac_cv_func_memset=yes
ac_cv_func_posix_memalign=yes
ac_cv_func_read_real_time=no
ac_cv_func_sinl=yes
ac_cv_func_snprintf=yes
ac_cv_func_sqrt=yes
ac_cv_func_strchr=yes
ac_cv_func_strtod=yes
ac_cv_func_sysctl=yes
ac_cv_func_time_base_to_time=no
ac_cv_func_vprintf=yes
ac_cv_have_decl_cosl=yes
ac_cv_have_decl_cosq=no
ac_cv_have_decl_drand48=yes
ac_cv_have_decl_memalign=no
ac_cv_have_decl_posix_memalign=yes
ac_cv_have_decl_sinl=yes
ac_cv_have_decl_sinq=no
ac_cv_have_decl_srand48=yes
ac_cv_header_altivec_h=no
ac_cv_header_dlfcn_h=yes
ac_cv_header_fcntl_h=yes
ac_cv_header_fenv_h=yes
ac_cv_header_inttypes_h=yes
ac_cv_header_limits_h=yes
ac_cv_header_malloc_h=no
ac_cv_header_memory_h=yes
ac_cv_header_stdc=yes
ac_cv_header_stddef_h=yes
ac_cv_header_stdint_h=yes
ac_cv_header_stdlib_h=yes
ac_cv_header_string_h=yes
ac_cv_header_strings_h=yes
ac_cv_header_sys_stat_h=yes
ac_cv_header_sys_time_h=yes
ac_cv_header_sys_types_h=yes
ac_cv_header_time=yes
ac_cv_header_unistd_h=yes
ac_cv_host=x86_64-apple-darwin17.5.0
ac_cv_lib_m_sin=yes
ac_cv_objext=o
ac_cv_path_EGREP='/usr/bin/grep -E'
ac_cv_path_FGREP='/usr/bin/grep -F'
ac_cv_path_GREP=/usr/bin/grep
ac_cv_path_SED=/usr/bin/sed
ac_cv_path_install='/usr/bin/install -c'
ac_cv_path_lt_DD=/bin/dd
ac_cv_prog_AWK=awk
ac_cv_prog_CPP='gcc -E'
ac_cv_prog_ac_ct_AR=ar
ac_cv_prog_ac_ct_CC=gcc
ac_cv_prog_ac_ct_DLLTOOL=dlltool
ac_cv_prog_ac_ct_DSYMUTIL=dsymutil
ac_cv_prog_ac_ct_F77=gfortran
ac_cv_prog_ac_ct_LIPO=lipo
ac_cv_prog_ac_ct_NMEDIT=nmedit
ac_cv_prog_ac_ct_OBJDUMP=objdump
ac_cv_prog_ac_ct_OTOOL=otool
ac_cv_prog_ac_ct_RANLIB=ranlib
ac_cv_prog_ac_ct_STRIP=strip
ac_cv_prog_cc_c89=
ac_cv_prog_cc_c99=
ac_cv_prog_cc_g=yes
ac_cv_prog_cc_stdc=
ac_cv_prog_f77_g=yes
ac_cv_prog_f77_v=-v
ac_cv_prog_make_make_set=yes
ac_cv_sizeof_double=8
ac_cv_sizeof_fftw_r2r_kind=4
ac_cv_sizeof_float=4
ac_cv_sizeof_int=4
ac_cv_sizeof_long=8
ac_cv_sizeof_long_long=8
ac_cv_sizeof_ptrdiff_t=8
ac_cv_sizeof_size_t=8
ac_cv_sizeof_unsigned_int=4
ac_cv_sizeof_unsigned_long=8
ac_cv_sizeof_unsigned_long_long=8
ac_cv_type_hrtime_t=no
ac_cv_type_long_double=yes
ac_cv_type_ptrdiff_t=yes
ac_cv_type_size_t=yes
ac_cv_type_uintptr_t=yes
ac_cv_working_alloca_h=yes
am_cv_CC_dependencies_compiler_type=gcc3
am_cv_make_support_nested_variables=yes
am_cv_prog_cc_c_o=yes
ax_cv_c_compiler_vendor=clang
ax_cv_c_flags__O3__fomit_frame_pointer__mtune_native__fstrict_aliasing__ffast_math=yes
ax_cv_c_flags__ffast_math=yes
ax_cv_c_flags__fstrict_aliasing=yes
ax_cv_c_flags__mpreferred_stack_boundary_4=no
ax_cv_c_flags__mtune_native=yes
lt_cv_apple_cc_single_mod=yes
lt_cv_ar_at_file=no
lt_cv_deplibs_check_method=pass_all
lt_cv_file_magic_cmd='$MAGIC_CMD'
lt_cv_file_magic_test_file=
lt_cv_ld_exported_symbols_list=yes
lt_cv_ld_force_load=yes
lt_cv_ld_reload_flag=-r
lt_cv_nm_interface='BSD nm'
lt_cv_objdir=.libs
lt_cv_path_LD=/Applications/Xcode9.app/Contents/Developer/Toolchains/XcodeDefault.xctoolchain/usr/bin/ld
lt_cv_path_NM='/usr/bin/nm -B'
lt_cv_path_mainfest_tool=no
lt_cv_prog_compiler_c_o=yes
lt_cv_prog_compiler_c_o_F77=yes
lt_cv_prog_compiler_pic='-fno-common -DPIC'
lt_cv_prog_compiler_pic_F77=-fno-common
lt_cv_prog_compiler_pic_works=yes
lt_cv_prog_compiler_pic_works_F77=yes
lt_cv_prog_compiler_rtti_exceptions=yes
lt_cv_prog_compiler_static_works=no
lt_cv_prog_compiler_static_works_F77=no
lt_cv_prog_gnu_ld=no
lt_cv_sharedlib_from_linklib_cmd='printf %s\n'
lt_cv_sys_global_symbol_pipe='sed -n -e '\''s/^.*[	 ]\([BCDEGRST][BCDEGRST]*\)[	 ][	 ]*_\([_A-Za-z][_A-Za-z0-9]*\)$/\1 _\2 \2/p'\'' | sed '\''/ __gnu_lto/d'\'''
lt_cv_sys_global_symbol_to_c_name_address='sed -n -e '\''s/^: \(.*\) .*$/  {"\1", (void *) 0},/p'\'' -e '\''s/^[BCDEGRST][BCDEGRST]* .* \(.*\)$/  {"\1", (void *) \&\1},/p'\'''
lt_cv_sys_global_symbol_to_c_name_address_lib_prefix='sed -n -e '\''s/^: \(.*\) .*$/  {"\1", (void *) 0},/p'\'' -e '\''s/^[BCDEGRST][BCDEGRST]* .* \(lib.*\)$/  {"\1", (void *) \&\1},/p'\'' -e '\''s/^[BCDEGRST][BCDEGRST]* .* \(.*\)$/  {"lib\1", (void *) \&\1},/p'\'''
lt_cv_sys_global_symbol_to_cdecl='sed -n -e '\''s/^T .* \(.*\)$/extern int \1();/p'\'' -e '\''s/^[BCDEGRST][BCDEGRST]* .* \(.*\)$/extern char \1;/p'\'''
lt_cv_sys_global_symbol_to_import=
lt_cv_sys_max_cmd_len=196608
lt_cv_to_host_file_cmd=func_convert_file_noop
lt_cv_to_tool_file_cmd=func_convert_file_noop
lt_cv_truncate_bin='/bin/dd bs=4096 count=1'

## ----------------- ##
## Output variables. ##
## ----------------- ##

ACLOCAL='${SHELL} /MyData/Research/2-Paper/2-DWC/code/dwc/c++/fftw-3.3.7/missing aclocal-1.15'
ALLOCA=''
ALTIVEC_CFLAGS=''
AMDEPBACKSLASH='\'
AMDEP_FALSE='#'
AMDEP_TRUE=''
AMTAR='$${TAR-tar}'
AM_BACKSLASH='\'
AM_DEFAULT_V='$(AM_DEFAULT_VERBOSITY)'
AM_DEFAULT_VERBOSITY='1'
AM_V='$(V)'
AR='ar'
AS='as'
AUTOCONF='${SHELL} /MyData/Research/2-Paper/2-DWC/code/dwc/c++/fftw-3.3.7/missing autoconf'
AUTOHEADER='${SHELL} /MyData/Research/2-Paper/2-DWC/code/dwc/c++/fftw-3.3.7/missing autoheader'
AUTOMAKE='${SHELL} /MyData/Research/2-Paper/2-DWC/code/dwc/c++/fftw-3.3.7/missing automake-1.15'
AVX2_CFLAGS=''
AVX512_CFLAGS=''
AVX_128_FMA_CFLAGS=''
AVX_CFLAGS=''
AWK='awk'
BUILD_DOC_FALSE='#'
BUILD_DOC_TRUE=''
CC='gcc'
CCDEPMODE='depmode=gcc3'
CFLAGS='-O3 -fomit-frame-pointer -mtune=native -fstrict-aliasing -ffast-math'
CHECK_PL_OPTS=''
COMBINED_THREADS_FALSE=''
COMBINED_THREADS_TRUE='#'
CPP='gcc -E'
CPPFLAGS=''
CYGPATH_W='echo'
C_FFTW_R2R_KIND='C_INT32_T'
C_MPI_FINT=''
DEFS='-DHAVE_CONFIG_H'
DEPDIR='.deps'
DLLTOOL='dlltool'
DSYMUTIL='dsymutil'
DUMPBIN=''
ECHO_C='\c'
ECHO_N=''
ECHO_T=''
EGREP='/usr/bin/grep -E'
EXEEXT=''
F77='gfortran'
FFLAGS='-g -O2'
FGREP='/usr/bin/grep -F'
FLIBS=' -L/Applications/deal.II-8.5-brew.app/Contents/Resources/brew/Cellar/gcc/6.3.0_1/lib/gcc/6/gcc/x86_64-apple-darwin16.4.0/6.3.0 -L/Applications/deal.II-8.5-brew.app/Contents/Resources/brew/Cellar/gcc/6.3.0_1/lib/gcc/6/gcc/x86_64-apple-darwin16.4.0/6.3.0/../../.. -lgfortran -lquadmath -lm'
GREP='/usr/bin/grep'
HAVE_ALTIVEC_FALSE=''
HAVE_ALTIVEC_TRUE='#'
HAVE_AVX2_FALSE=''
HAVE_AVX2_TRUE='#'
HAVE_AVX512_FALSE=''
HAVE_AVX512_TRUE='#'
HAVE_AVX_128_FMA_FALSE=''
HAVE_AVX_128_FMA_TRUE='#'
HAVE_AVX_FALSE=''
HAVE_AVX_TRUE='#'
HAVE_GENERIC_SIMD128_FALSE=''
HAVE_GENERIC_SIMD128_TRUE='#'
HAVE_GENERIC_SIMD256_FALSE=''
HAVE_GENERIC_SIMD256_TRUE='#'
HAVE_KCVI_FALSE=''
HAVE_KCVI_TRUE='#'
HAVE_NEON_FALSE=''
HAVE_NEON_TRUE='#'
HAVE_SSE2_FALSE=''
HAVE_SSE2_TRUE='#'
HAVE_VSX_FALSE=''
HAVE_VSX_TRUE='#'
INDENT=''
INSTALL_DATA='${INSTALL} -m 644'
INSTALL_PROGRAM='${INSTALL}'
INSTALL_SCRIPT='${INSTALL}'
INSTALL_STRIP_PROGRAM='$(install_sh) -c -s'
KCVI_CFLAGS=''
LD='/Applications/Xcode9.app/Contents/Developer/Toolchains/XcodeDefault.xctoolchain/usr/bin/ld'
LDFLAGS=''
LDOUBLE_FALSE=''
LDOUBLE_TRUE='#'
LIBOBJS=''
LIBQUADMATH=''
LIBS='-lm '
LIBTOOL='$(SHELL) $(top_builddir)/libtool'
LIPO='lipo'
LN_S='ln -s'
LTLIBOBJS=''
LT_SYS_LIBRARY_PATH=''
MAINT='#'
MAINTAINER_MODE_FALSE=''
MAINTAINER_MODE_TRUE='#'
MAKEINFO='${SHELL} /MyData/Research/2-Paper/2-DWC/code/dwc/c++/fftw-3.3.7/missing makeinfo'
MANIFEST_TOOL=':'
MKDIR_P='../install-sh -c -d'
MPICC=''
MPILIBS=''
MPIRUN=''
MPI_FALSE=''
MPI_TRUE='#'
NEON_CFLAGS=''
NM='/usr/bin/nm -B'
NMEDIT='nmedit'
OBJDUMP='objdump'
OBJEXT='o'
OCAMLBUILD=''
OPENMP_CFLAGS=''
OPENMP_FALSE=''
OPENMP_TRUE='#'
OTOOL64=':'
OTOOL='otool'
PACKAGE='fftw'
PACKAGE_BUGREPORT='fftw@fftw.org'
PACKAGE_NAME='fftw'
PACKAGE_STRING='fftw 3.3.7'
PACKAGE_TARNAME='fftw'
PACKAGE_URL=''
PACKAGE_VERSION='3.3.7'
PATH_SEPARATOR=':'
POW_LIB=''
PRECISION='d'
PREC_SUFFIX=''
PTHREAD_CC=''
PTHREAD_CFLAGS=''
PTHREAD_LIBS=''
QUAD_FALSE=''
QUAD_TRUE='#'
RANLIB='ranlib'
SED='/usr/bin/sed'
SET_MAKE=''
SHARED_VERSION_INFO='8:7:5'
SHELL='/bin/sh'
SINGLE_FALSE=''
SINGLE_TRUE='#'
SMP_FALSE=''
SMP_TRUE='#'
SSE2_CFLAGS=''
STACK_ALIGN_CFLAGS=''
STRIP='strip'
THREADLIBS=''
THREADS_FALSE=''
THREADS_TRUE='#'
VERSION='3.3.7'
VSX_CFLAGS=''
ac_ct_AR='ar'
ac_ct_CC='gcc'
ac_ct_DUMPBIN=''
ac_ct_F77='gfortran'
acx_pthread_config=''
am__EXEEXT_FALSE=''
am__EXEEXT_TRUE='#'
am__fastdepCC_FALSE='#'
am__fastdepCC_TRUE=''
am__include='include'
am__isrc=' -I$(srcdir)'
am__leading_dot='.'
am__nodep='_no'
am__quote=''
am__tar='$${TAR-tar} chof - "$$tardir"'
am__untar='$${TAR-tar} xf -'
bindir='${exec_prefix}/bin'
build='x86_64-apple-darwin17.5.0'
build_alias=''
build_cpu='x86_64'
build_os='darwin17.5.0'
build_vendor='apple'
datadir='${datarootdir}'
datarootdir='${prefix}/share'
docdir='${datarootdir}/doc/${PACKAGE_TARNAME}'
dvidir='${docdir}'
exec_prefix='${prefix}'
host='x86_64-apple-darwin17.5.0'
host_alias=''
host_cpu='x86_64'
host_os='darwin17.5.0'
host_vendor='apple'
htmldir='${docdir}'
includedir='${prefix}/include'
infodir='${datarootdir}/info'
install_sh='${SHELL} /MyData/Research/2-Paper/2-DWC/code/dwc/c++/fftw-3.3.7/install-sh'
libdir='${exec_prefix}/lib'
libexecdir='${exec_prefix}/libexec'
localedir='${datarootdir}/locale'
localstatedir='${prefix}/var'
mandir='${datarootdir}/man'
mkdir_p='$(MKDIR_P)'
oldincludedir='/usr/include'
pdfdir='${docdir}'
prefix='/MyData/Research/2-Paper/2-DWC/code/dwc/c++/fftw-3.3.7/build'
program_transform_name='s,x,x,'
psdir='${docdir}'
runstatedir='${localstatedir}/run'
sbindir='${exec_prefix}/sbin'
sharedstatedir='${prefix}/com'
sysconfdir='${prefix}/etc'
target_alias=''

## ----------- ##
## confdefs.h. ##
## ----------- ##

/* confdefs.h */
#define PACKAGE_NAME "fftw"
#define PACKAGE_TARNAME "fftw"
#define PACKAGE_VERSION "3.3.7"
#define PACKAGE_STRING "fftw 3.3.7"
#define PACKAGE_BUGREPORT "fftw@fftw.org"
#define PACKAGE_URL ""
#define PACKAGE "fftw"
#define VERSION "3.3.7"
#define FFTW_ENABLE_ALLOCA 1
#define STDC_HEADERS 1
#define HAVE_SYS_TYPES_H 1
#define HAVE_SYS_STAT_H 1
#define HAVE_STDLIB_H 1
#define HAVE_STRING_H 1
#define HAVE_MEMORY_H 1
#define HAVE_STRINGS_H 1
#define HAVE_INTTYPES_H 1
#define HAVE_STDINT_H 1
#define HAVE_UNISTD_H 1
#define HAVE_DLFCN_H 1
#define LT_OBJDIR ".libs/"
#define STDC_HEADERS 1
#define HAVE_FCNTL_H 1
#define HAVE_FENV_H 1
#define HAVE_LIMITS_H 1
#define HAVE_STDDEF_H 1
#define HAVE_SYS_TIME_H 1
#define TIME_WITH_SYS_TIME 1
#define HAVE_LONG_DOUBLE 1
#define SIZEOF_INT 4
#define SIZEOF_UNSIGNED_INT 4
#define SIZEOF_LONG 8
#define SIZEOF_UNSIGNED_LONG 8
#define SIZEOF_LONG_LONG 8
#define SIZEOF_UNSIGNED_LONG_LONG 8
#define SIZEOF_SIZE_T 8
#define SIZEOF_PTRDIFF_T 8
#define HAVE_PTRDIFF_T 1
#define HAVE_UINTPTR_T 1
#define SIZEOF_FLOAT 4
#define SIZEOF_DOUBLE 8
#define SIZEOF_FFTW_R2R_KIND 4
#define HAVE_ALLOCA_H 1
#define HAVE_ALLOCA 1
#define HAVE_VPRINTF 1
#define HAVE_LIBM 1
#define HAVE_GETTIMEOFDAY 1
#define HAVE_DRAND48 1
#define HAVE_SQRT 1
#define HAVE_MEMSET 1
#define HAVE_POSIX_MEMALIGN 1
#define HAVE_CLOCK_GETTIME 1
#define HAVE_MACH_ABSOLUTE_TIME 1
#define HAVE_SYSCTL 1
#define HAVE_ABORT 1
#define HAVE_SINL 1
#define HAVE_COSL 1
#define HAVE_SNPRINTF 1
#define HAVE_MEMMOVE 1
#define HAVE_STRCHR 1
#define HAVE_GETPAGESIZE 1
#define HAVE_DECL_SINL 1
#define HAVE_DECL_COSL 1
#define HAVE_DECL_SINQ 0
#define HAVE_DECL_COSQ 0
#define HAVE_DECL_MEMALIGN 0
#define HAVE_DECL_DRAND48 1
#define HAVE_DECL_SRAND48 1
#define HAVE_DECL_POSIX_MEMALIGN 1
#define HAVE_ISNAN 1
#define F77_FUNC(name,NAME) name ## _
#define F77_FUNC_(name,NAME) name ## _
#define F77_FUNC_EQUIV 1
#define WITH_G77_WRAPPERS 1
#define FFTW_CC "gcc -O3 -fomit-frame-pointer -mtune=native -fstrict-aliasing -ffast-math"

configure: exit 0
